device=cuda HAS_MAMBA=True outdir=mamba_scan_study/outputs/stage1_gap_sweep/mamba_vh_small
/home/tuling/miniconda3/envs/mair/lib/python3.10/site-packages/torch/nn/modules/conv.py:459: UserWarning: Applied workaround for CuDNN issue, install nvrtc.so (Triggered internally at ../aten/src/ATen/native/cudnn/Conv_v8.cpp:80.)
  return F.conv2d(input, weight, bias, self.stride,
Traceback (most recent call last):
  File "/home/tuling/miniconda3/envs/mair/lib/python3.10/runpy.py", line 196, in _run_module_as_main
    return _run_code(code, main_globals, None,
  File "/home/tuling/miniconda3/envs/mair/lib/python3.10/runpy.py", line 86, in _run_code
    exec(code, run_globals)
  File "/mnt/c/Users/DELL/Documents/数学建模/mamba_scan_study_handoff_package/cifar_rowmask/mamba_scan_study/experiments/run_gap_sweep.py", line 314, in <module>
    main()
  File "/mnt/c/Users/DELL/Documents/数学建模/mamba_scan_study_handoff_package/cifar_rowmask/mamba_scan_study/experiments/run_gap_sweep.py", line 248, in main
    row = run_one(cfg, seed, device)
  File "/mnt/c/Users/DELL/Documents/数学建模/mamba_scan_study_handoff_package/cifar_rowmask/mamba_scan_study/experiments/run_gap_sweep.py", line 129, in run_one
    train_one_epoch(model, train_loader, optimizer, device, cfg)
  File "/mnt/c/Users/DELL/Documents/数学建模/mamba_scan_study_handoff_package/cifar_rowmask/mamba_scan_study/experiments/run_stage0_regression.py", line 207, in train_one_epoch
    logits, labels = batch_logits(model, batch, cfg, device)
  File "/mnt/c/Users/DELL/Documents/数学建模/mamba_scan_study_handoff_package/cifar_rowmask/mamba_scan_study/experiments/run_stage0_regression.py", line 185, in batch_logits
    feat2d = model.forward_features(images)
  File "/mnt/c/Users/DELL/Documents/数学建模/mamba_scan_study_handoff_package/cifar_rowmask/mamba_scan_study/models/backbone.py", line 281, in forward_features
    feats = [branch.forward_features(x, token_mask=token_mask) for branch in self.branches]
  File "/mnt/c/Users/DELL/Documents/数学建模/mamba_scan_study_handoff_package/cifar_rowmask/mamba_scan_study/models/backbone.py", line 281, in <listcomp>
    feats = [branch.forward_features(x, token_mask=token_mask) for branch in self.branches]
  File "/mnt/c/Users/DELL/Documents/数学建模/mamba_scan_study_handoff_package/cifar_rowmask/mamba_scan_study/models/backbone.py", line 188, in forward_features
    x = block(x)
  File "/home/tuling/miniconda3/envs/mair/lib/python3.10/site-packages/torch/nn/modules/module.py", line 1501, in _call_impl
    return forward_call(*args, **kwargs)
  File "/mnt/c/Users/DELL/Documents/数学建模/mamba_scan_study_handoff_package/cifar_rowmask/mamba_scan_study/models/backbone.py", line 44, in forward
    return x + self.dropout(self.mamba(self.norm(x)))
  File "/home/tuling/miniconda3/envs/mair/lib/python3.10/site-packages/torch/nn/modules/module.py", line 1501, in _call_impl
    return forward_call(*args, **kwargs)
  File "/home/tuling/miniconda3/envs/mair/lib/python3.10/site-packages/mamba_ssm/modules/mamba_simple.py", line 146, in forward
    out = mamba_inner_fn(
  File "/home/tuling/miniconda3/envs/mair/lib/python3.10/site-packages/mamba_ssm/ops/selective_scan_interface.py", line 306, in mamba_inner_fn
    return MambaInnerFn.apply(xz, conv1d_weight, conv1d_bias, x_proj_weight, delta_proj_weight,
  File "/home/tuling/miniconda3/envs/mair/lib/python3.10/site-packages/torch/autograd/function.py", line 506, in apply
    return super().apply(*args, **kwargs)  # type: ignore[misc]
  File "/home/tuling/miniconda3/envs/mair/lib/python3.10/site-packages/torch/cuda/amp/autocast_mode.py", line 98, in decorate_fwd
    return fwd(*args, **kwargs)
  File "/home/tuling/miniconda3/envs/mair/lib/python3.10/site-packages/mamba_ssm/ops/selective_scan_interface.py", line 181, in forward
    conv1d_out = causal_conv1d_cuda.causal_conv1d_fwd(x, conv1d_weight, conv1d_bias, None, True)
TypeError: causal_conv1d_fwd(): incompatible function arguments. The following argument types are supported:
    1. (arg0: torch.Tensor, arg1: torch.Tensor, arg2: Optional[torch.Tensor], arg3: Optional[torch.Tensor], arg4: Optional[torch.Tensor], arg5: Optional[torch.Tensor], arg6: bool) -> torch.Tensor

Invoked with: tensor([[[-1.4166e-01,  5.4450e-01,  5.0730e-01,  ...,  3.8815e-01,
          -4.1104e-01, -1.7875e-01],
         [-6.7075e-01, -1.6642e-01,  7.6129e-01,  ..., -1.4872e-03,
           3.2545e-01,  1.2424e+00],
         [ 1.7903e-02, -9.6176e-01, -8.2820e-01,  ...,  1.6633e-01,
          -5.6003e-01, -4.0758e-01],
         ...,
         [-1.2093e+00, -1.7198e-01,  1.7138e-01,  ..., -7.8553e-01,
          -5.5917e-01, -2.7636e-01],
         [ 6.1948e-01, -2.0751e-02, -3.1093e-01,  ...,  7.2201e-02,
          -5.0429e-01, -5.5411e-01],
         [ 4.0454e-01,  1.5662e+00, -9.6944e-01,  ...,  7.6113e-01,
           1.4077e+00,  1.3232e+00]],

        [[-9.6915e-01, -4.3321e-01, -7.4549e-01,  ...,  6.8266e-01,
          -2.6421e-01, -1.4371e-01],
         [ 6.1901e-01,  2.5765e-01, -2.0949e-01,  ..., -8.2701e-02,
           8.0486e-01,  6.0951e-01],
         [ 3.6098e-01, -4.2970e-01,  4.4947e-01,  ..., -2.7125e-01,
          -8.1987e-01,  2.4369e-01],
         ...,
         [-5.9075e-01, -8.0508e-01, -1.0063e+00,  ..., -9.8355e-01,
           2.7247e-01, -9.8891e-01],
         [-1.0693e+00, -1.2905e-01,  2.6220e-01,  ..., -6.7394e-01,
          -5.5694e-01,  2.4690e-01],
         [ 1.0775e+00, -2.8466e-01,  1.9954e+00,  ..., -6.7435e-01,
           9.9705e-02, -9.1902e-01]],

        [[-9.7068e-01, -5.2716e-01,  1.7432e-01,  ..., -1.2490e-01,
           8.5698e-01, -3.4366e-01],
         [-5.9927e-01,  3.7083e-01,  4.1043e-01,  ..., -2.6924e-01,
           3.5772e-01, -1.1900e+00],
         [ 7.4806e-01,  1.3225e-02, -3.5018e-01,  ...,  1.1531e+00,
           2.5508e-02, -1.7493e-01],
         ...,
         [-1.2034e+00, -1.0801e+00, -6.6764e-01,  ..., -1.3527e+00,
           3.6630e-02,  7.5191e-02],
         [ 4.5849e-01,  6.4563e-01,  6.6748e-01,  ..., -1.8935e-01,
          -5.5789e-01, -2.6826e-01],
         [-2.9286e-01,  1.5071e+00, -4.9487e-01,  ...,  7.3526e-01,
           5.9238e-03, -5.8188e-01]],

        ...,

        [[-1.0999e+00,  3.4544e-01, -5.9490e-01,  ...,  5.4566e-01,
           5.8064e-01,  9.1800e-01],
         [-1.9294e-01,  8.3628e-01,  1.0962e+00,  ..., -6.2818e-01,
           1.3596e+00,  6.7457e-02],
         [-6.6044e-01,  3.4976e-01, -1.1595e-01,  ..., -5.3079e-02,
          -5.5492e-02,  3.3637e-02],
         ...,
         [ 1.5010e-01,  2.3431e-01, -6.4189e-01,  ..., -3.3576e-02,
           6.6534e-01, -2.6353e-01],
         [-3.3100e-01, -8.0577e-01,  1.0450e-01,  ..., -8.7023e-02,
          -5.2234e-01, -7.0982e-01],
         [ 1.7751e-01,  1.0414e+00, -5.3799e-02,  ..., -7.7999e-01,
           1.0393e+00,  4.5994e-01]],

        [[-3.1764e-01,  8.4196e-02, -5.1456e-01,  ..., -3.9393e-01,
          -4.6779e-01,  5.6354e-01],
         [-7.3165e-01,  5.5478e-01, -3.1477e-01,  ..., -2.2163e-01,
           3.7929e-02,  7.8175e-01],
         [ 2.4758e-01, -7.9219e-01,  3.4703e-01,  ..., -9.3866e-01,
          -3.6609e-01, -1.2078e+00],
         ...,
         [-1.2279e+00,  2.8270e-01,  7.2241e-01,  ...,  3.2908e-01,
          -1.4107e+00,  4.6362e-01],
         [ 6.2781e-01, -4.3927e-01,  7.0215e-01,  ..., -2.1622e-01,
           1.6521e+00, -6.0778e-01],
         [ 4.7620e-01, -2.6504e-02, -3.2890e-01,  ..., -3.1396e-01,
          -7.9908e-01,  1.0201e+00]],

        [[-6.7538e-01,  3.2839e-02, -1.8284e-01,  ..., -6.9562e-01,
           7.4446e-01, -3.0877e-01],
         [-1.0851e-01,  1.0545e+00, -1.7626e-01,  ...,  6.4523e-01,
           2.2827e-01,  3.2086e-01],
         [ 8.1902e-01,  1.9177e-01, -4.4049e-02,  ..., -6.0236e-01,
           1.6557e-01, -3.5117e-01],
         ...,
         [ 3.0205e-01,  6.4395e-01, -8.4010e-01,  ..., -1.9234e-01,
          -1.3504e-01,  3.1713e-01],
         [-2.1743e-01,  2.8753e-01,  1.2219e+00,  ..., -2.9749e-01,
          -8.1050e-01, -1.2495e+00],
         [-9.9540e-01, -6.2812e-01,  1.0403e+00,  ...,  3.3175e-01,
          -1.6022e-02,  6.1050e-01]]], device='cuda:0', requires_grad=True), tensor([[ 0.0124, -0.2460,  0.4477, -0.2344],
        [-0.4740,  0.0918, -0.0125,  0.3800],
        [ 0.2928,  0.0066, -0.1460,  0.0574],
        [-0.1577,  0.4072,  0.1797,  0.1251],
        [-0.3865,  0.4888, -0.2304,  0.3513],
        [-0.0269,  0.4737, -0.1118,  0.0066],
        [-0.2449,  0.1413, -0.4164,  0.3849],
        [ 0.4579, -0.2444,  0.4227,  0.3674],
        [ 0.4450, -0.4929, -0.3970, -0.4960],
        [ 0.1293, -0.1946,  0.0862,  0.3190],
        [ 0.1833,  0.0019,  0.1753, -0.1493],
        [ 0.0457, -0.3886, -0.2923,  0.3693],
        [-0.3097,  0.4173,  0.2828,  0.1155],
        [ 0.1395,  0.4259, -0.3044, -0.2831],
        [ 0.0627, -0.3774, -0.3022, -0.0143],
        [ 0.3057, -0.3342, -0.1810, -0.3079],
        [ 0.3942, -0.4183, -0.0107,  0.3884],
        [ 0.4358, -0.0806, -0.3524, -0.1115],
        [ 0.4156, -0.0704,  0.3831,  0.3980],
        [ 0.2217, -0.2788, -0.3158, -0.2233],
        [-0.4353, -0.4503,  0.1860, -0.3555],
        [-0.0735,  0.1221,  0.2758,  0.4101],
        [-0.4379, -0.2174, -0.3160,  0.0973],
        [-0.4600,  0.2153,  0.1790, -0.2636],
        [ 0.4058, -0.1582,  0.4731,  0.4784],
        [-0.3506,  0.4712,  0.3636, -0.3459],
        [-0.4066, -0.2749,  0.4483,  0.4479],
        [ 0.2565,  0.4387, -0.2690,  0.1317],
        [-0.2592, -0.2030,  0.1512, -0.3197],
        [ 0.2433,  0.0020, -0.4040, -0.1667],
        [-0.1597,  0.0762,  0.2303, -0.2963],
        [-0.2950, -0.2071,  0.2661,  0.2974],
        [-0.4889,  0.2234,  0.2439,  0.2222],
        [ 0.4562, -0.1078,  0.3390, -0.0867],
        [ 0.3920,  0.3098,  0.0039,  0.2440],
        [-0.3266,  0.2761, -0.2844, -0.2715],
        [-0.1848,  0.3706, -0.3485,  0.3662],
        [ 0.2630,  0.4391, -0.1492,  0.0247],
        [-0.4596,  0.4588,  0.0295,  0.2755],
        [ 0.1207, -0.2872, -0.2784, -0.0784],
        [-0.1931,  0.0812, -0.0572,  0.1890],
        [-0.0460, -0.1232,  0.0904,  0.4120],
        [-0.3606,  0.2078, -0.3944,  0.3690],
        [ 0.1769, -0.4192,  0.4246,  0.3013],
        [ 0.4312,  0.0465, -0.4015,  0.1123],
        [ 0.2278,  0.1944,  0.3297, -0.1711],
        [-0.1581, -0.0757, -0.4993,  0.4588],
        [ 0.4874,  0.0478,  0.0326, -0.2842],
        [-0.3412,  0.3312,  0.2560,  0.0098],
        [ 0.1515, -0.0712,  0.2561, -0.4862],
        [-0.4582, -0.1983,  0.0316,  0.4935],
        [-0.2671, -0.3318, -0.2540,  0.0097],
        [ 0.0029, -0.3396, -0.1069, -0.0731],
        [-0.4020, -0.1852, -0.4896, -0.4742],
        [ 0.3581,  0.2658,  0.3675,  0.0424],
        [-0.4991,  0.3621,  0.3476, -0.4482],
        [-0.1888, -0.1548, -0.1155,  0.2274],
        [-0.1727, -0.0926,  0.2967,  0.2250],
        [-0.1592,  0.1385,  0.3704, -0.1898],
        [-0.0361, -0.4949,  0.2640,  0.2382],
        [ 0.4069,  0.4746,  0.2663,  0.4920],
        [ 0.3558, -0.3848, -0.1274, -0.4577],
        [ 0.2408,  0.2873, -0.2000, -0.2478],
        [ 0.4585,  0.0169, -0.3444,  0.1101],
        [-0.4774, -0.4719, -0.2901, -0.4296],
        [-0.2542,  0.2464,  0.2990, -0.1754],
        [-0.2567,  0.1683,  0.2501,  0.2700],
        [-0.4296,  0.2749, -0.2902,  0.4094],
        [-0.0545,  0.1962, -0.0272,  0.2200],
        [-0.2298, -0.2302,  0.3746, -0.2959],
        [ 0.1854,  0.2701, -0.0765, -0.2021],
        [-0.1394,  0.3404, -0.2276, -0.2814],
        [-0.3867, -0.2154, -0.4568,  0.0795],
        [ 0.2678, -0.1137,  0.1463,  0.1089],
        [ 0.2878,  0.4626,  0.0389, -0.2601],
        [-0.1332, -0.0788, -0.1827,  0.0226],
        [-0.2588,  0.2386, -0.3980,  0.4096],
        [-0.0803, -0.3976,  0.1299, -0.4863],
        [ 0.4348,  0.2394,  0.1831, -0.3379],
        [ 0.2121, -0.4282,  0.0082,  0.3061],
        [ 0.0470, -0.3929, -0.0773, -0.4467],
        [-0.0463, -0.4258,  0.1657,  0.4574],
        [-0.3326, -0.3625,  0.3241,  0.2923],
        [-0.0978,  0.3161, -0.1134,  0.3612],
        [-0.3242, -0.0737,  0.2165, -0.1231],
        [ 0.4822,  0.3633, -0.3404,  0.3310],
        [-0.3444,  0.1122, -0.4743,  0.0906],
        [ 0.1975,  0.3212, -0.1222, -0.3298],
        [-0.2027,  0.3653, -0.0525,  0.4021],
        [ 0.0966, -0.4915,  0.3777, -0.2697],
        [ 0.3217, -0.0921, -0.2079,  0.3325],
        [-0.0023, -0.4429,  0.4674,  0.4840],
        [-0.4744,  0.1650, -0.0770, -0.2470],
        [-0.2848, -0.4789, -0.3751,  0.3605],
        [-0.1664, -0.0190,  0.0788,  0.3079],
        [-0.2249, -0.0825, -0.1698,  0.1311],
        [ 0.0171,  0.4914, -0.0145, -0.3725],
        [ 0.2661,  0.2804,  0.0271, -0.0060],
        [ 0.3138,  0.0243, -0.0080,  0.2837],
        [ 0.2739,  0.0047,  0.3034,  0.0159],
        [-0.2145,  0.3558,  0.3281,  0.2353],
        [-0.0377,  0.1055, -0.3838,  0.1339],
        [ 0.1131, -0.2024, -0.3874, -0.0043],
        [ 0.3054, -0.2985,  0.2876, -0.1667],
        [-0.1782,  0.4452, -0.2926,  0.4193],
        [ 0.3381,  0.0679, -0.2048, -0.0770],
        [ 0.3598, -0.3580,  0.4699,  0.1772],
        [-0.3898,  0.2928,  0.1512, -0.0790],
        [-0.3644,  0.4897, -0.3540, -0.3024],
        [ 0.0039, -0.0473, -0.3082,  0.3162],
        [-0.1339,  0.0904, -0.1109, -0.1409],
        [-0.4473,  0.4216,  0.1723,  0.4532],
        [-0.3729,  0.0940, -0.2574, -0.3635],
        [-0.0291,  0.2277,  0.1886, -0.3471],
        [-0.3563,  0.4728,  0.2246, -0.1145],
        [ 0.4649, -0.2729, -0.0225,  0.2039],
        [-0.4473,  0.3871,  0.4054, -0.2005],
        [ 0.0104, -0.0260,  0.1468, -0.1640],
        [-0.4029,  0.0444,  0.1266, -0.2737],
        [ 0.3700, -0.0674,  0.4069, -0.0511],
        [-0.2007, -0.0189,  0.3645,  0.1134],
        [ 0.4234,  0.3399, -0.4064,  0.3185],
        [-0.2279,  0.1541, -0.3443,  0.2000],
        [-0.0754,  0.4705,  0.4933,  0.0847],
        [-0.3876, -0.0869,  0.0217, -0.1376],
        [ 0.0856, -0.4944,  0.3364, -0.3190],
        [-0.2934,  0.1479,  0.3097,  0.1600],
        [-0.3914,  0.4974,  0.2331,  0.4074]], device='cuda:0',
       requires_grad=True), Parameter containing:
tensor([-3.8250e-01, -2.9078e-01, -3.3666e-01,  3.9897e-01, -3.6251e-01,
         4.1897e-01,  3.5682e-03,  1.4776e-01, -7.9762e-03, -4.3369e-01,
         4.2128e-01, -4.6254e-01, -1.1794e-01,  4.4689e-01, -2.4327e-01,
        -2.0185e-01, -1.8551e-01,  3.5515e-01, -1.7825e-01, -9.0664e-02,
         3.5180e-01, -4.3248e-01, -7.3605e-02,  2.4669e-01, -1.5061e-01,
         4.1167e-01,  9.0747e-02,  2.0799e-01, -3.5649e-02,  2.7101e-01,
        -6.1123e-02, -6.5486e-02, -2.5663e-01,  1.0655e-01,  3.7038e-01,
         3.8648e-01,  4.7044e-01,  1.2063e-01,  1.5046e-01,  6.2406e-02,
        -3.9680e-01, -1.2631e-01,  3.3762e-01,  1.5047e-01,  3.8694e-01,
         1.5701e-01,  1.1933e-01, -3.7840e-02, -3.2829e-01,  1.4095e-01,
        -9.9362e-02, -2.7875e-01, -1.8414e-01,  3.7083e-01, -2.0031e-01,
        -1.2745e-01, -1.5504e-02, -3.7382e-01,  8.4770e-02, -1.4566e-01,
        -1.8916e-01, -3.6928e-01,  3.1370e-01,  4.7335e-01,  4.7033e-01,
         4.2983e-01, -5.8865e-02, -1.9713e-01, -4.3470e-02,  1.7653e-01,
        -2.4417e-01, -4.9298e-01, -1.1859e-01,  4.6915e-01,  1.8038e-01,
         3.5822e-01,  4.2014e-01,  8.5658e-03,  1.0548e-01, -1.9599e-01,
        -1.6122e-01, -1.3585e-01, -3.2624e-01, -1.5857e-01, -1.4097e-01,
        -1.4365e-01, -3.8176e-01, -1.1418e-01,  3.9628e-01, -1.0884e-02,
        -1.3224e-01,  8.6735e-02,  3.3299e-01,  4.4818e-01,  4.4155e-01,
        -2.7983e-01,  1.6289e-01, -1.2983e-01, -7.0647e-02, -4.8217e-02,
        -2.0094e-01, -2.7133e-01, -8.7627e-02, -1.8412e-01, -1.4688e-02,
         1.7080e-01, -1.3053e-01,  3.4999e-01, -7.4033e-02,  4.5214e-01,
         2.2698e-01,  1.1880e-01, -2.1526e-02, -7.1783e-02, -1.5375e-02,
        -2.6412e-01,  3.1321e-01, -9.2983e-05, -2.5090e-01, -1.3279e-01,
        -1.8516e-01, -4.4032e-01, -2.6251e-01, -2.2641e-01,  4.6240e-01,
         4.4369e-01,  2.6611e-01,  4.5319e-01], device='cuda:0',
       requires_grad=True), None, True
