device=cuda HAS_MAMBA=True outdir=mamba_scan_study/outputs/stage1_gap_sweep/mamba_vh_small
/home/tuling/miniconda3/envs/mair/lib/python3.10/site-packages/torch/nn/modules/conv.py:459: UserWarning: Applied workaround for CuDNN issue, install nvrtc.so (Triggered internally at ../aten/src/ATen/native/cudnn/Conv_v8.cpp:80.)
  return F.conv2d(input, weight, bias, self.stride,
best=0.5098 block=mamba task=vertical scan=row grid=8 signal=single_patch pos=xy_learned seed=0
best=0.5352 block=mamba task=vertical scan=row grid=8 signal=single_patch pos=xy_learned seed=1
best=0.4922 block=mamba task=vertical scan=row grid=8 signal=single_patch pos=xy_learned seed=2
best=0.5312 block=mamba task=vertical scan=row grid=16 signal=single_patch pos=xy_learned seed=0
best=0.4766 block=mamba task=vertical scan=row grid=16 signal=single_patch pos=xy_learned seed=1
best=0.5078 block=mamba task=vertical scan=row grid=16 signal=single_patch pos=xy_learned seed=2
best=1.0000 block=mamba task=vertical scan=col grid=8 signal=single_patch pos=xy_learned seed=0
best=1.0000 block=mamba task=vertical scan=col grid=8 signal=single_patch pos=xy_learned seed=1
best=0.9629 block=mamba task=vertical scan=col grid=8 signal=single_patch pos=xy_learned seed=2
best=0.5625 block=mamba task=vertical scan=col grid=16 signal=single_patch pos=xy_learned seed=0
best=1.0000 block=mamba task=vertical scan=col grid=16 signal=single_patch pos=xy_learned seed=1
best=0.5625 block=mamba task=vertical scan=col grid=16 signal=single_patch pos=xy_learned seed=2
best=1.0000 block=mamba task=horizontal scan=row grid=8 signal=single_patch pos=xy_learned seed=0
best=0.9980 block=mamba task=horizontal scan=row grid=8 signal=single_patch pos=xy_learned seed=1
best=1.0000 block=mamba task=horizontal scan=row grid=8 signal=single_patch pos=xy_learned seed=2
best=0.5234 block=mamba task=horizontal scan=row grid=16 signal=single_patch pos=xy_learned seed=0
best=1.0000 block=mamba task=horizontal scan=row grid=16 signal=single_patch pos=xy_learned seed=1
best=1.0000 block=mamba task=horizontal scan=row grid=16 signal=single_patch pos=xy_learned seed=2
best=0.5137 block=mamba task=horizontal scan=col grid=8 signal=single_patch pos=xy_learned seed=0
best=0.5273 block=mamba task=horizontal scan=col grid=8 signal=single_patch pos=xy_learned seed=1
best=0.5059 block=mamba task=horizontal scan=col grid=8 signal=single_patch pos=xy_learned seed=2
best=0.4941 block=mamba task=horizontal scan=col grid=16 signal=single_patch pos=xy_learned seed=0
best=0.4648 block=mamba task=horizontal scan=col grid=16 signal=single_patch pos=xy_learned seed=1
best=0.4980 block=mamba task=horizontal scan=col grid=16 signal=single_patch pos=xy_learned seed=2
saved results: mamba_scan_study/outputs/stage1_gap_sweep/mamba_vh_small/results.csv
saved summary: mamba_scan_study/outputs/stage1_gap_sweep/mamba_vh_small/summary.csv
saved json   : mamba_scan_study/outputs/stage1_gap_sweep/mamba_vh_small/results.json
