device=cuda HAS_MAMBA=True outdir=mamba_scan_study/outputs/stage1_probing/default_small
/home/tuling/miniconda3/envs/mair/lib/python3.10/site-packages/torch/nn/modules/conv.py:459: UserWarning: Applied workaround for CuDNN issue, install nvrtc.so (Triggered internally at ../aten/src/ATen/native/cudnn/Conv_v8.cpp:80.)
  return F.conv2d(input, weight, bias, self.stride,
backbone=0.5098 probe=0.4980 block=gru task=vertical scan=row grid=8 signal=single_patch pos=xy_learned seed=0
backbone=0.5176 probe=0.5381 block=gru task=vertical scan=row grid=8 signal=single_patch pos=xy_learned seed=1
backbone=0.5166 probe=0.5117 block=gru task=vertical scan=row grid=8 signal=single_patch pos=xy_learned seed=2
backbone=0.5000 probe=0.4990 block=gru task=vertical scan=row grid=16 signal=single_patch pos=xy_learned seed=0
backbone=0.5049 probe=0.5137 block=gru task=vertical scan=row grid=16 signal=single_patch pos=xy_learned seed=1
backbone=0.5273 probe=0.5088 block=gru task=vertical scan=row grid=16 signal=single_patch pos=xy_learned seed=2
backbone=0.5029 probe=0.4736 block=gru task=vertical scan=row grid=24 signal=single_patch pos=xy_learned seed=0
backbone=0.5186 probe=0.5098 block=gru task=vertical scan=row grid=24 signal=single_patch pos=xy_learned seed=1
backbone=0.5049 probe=0.4893 block=gru task=vertical scan=row grid=24 signal=single_patch pos=xy_learned seed=2
backbone=0.5098 probe=0.5029 block=gru task=vertical scan=row grid=32 signal=single_patch pos=xy_learned seed=0
backbone=0.5195 probe=0.5244 block=gru task=vertical scan=row grid=32 signal=single_patch pos=xy_learned seed=1
backbone=0.4990 probe=0.5176 block=gru task=vertical scan=row grid=32 signal=single_patch pos=xy_learned seed=2
backbone=1.0000 probe=1.0000 block=gru task=vertical scan=col grid=8 signal=single_patch pos=xy_learned seed=0
backbone=1.0000 probe=1.0000 block=gru task=vertical scan=col grid=8 signal=single_patch pos=xy_learned seed=1
backbone=1.0000 probe=1.0000 block=gru task=vertical scan=col grid=8 signal=single_patch pos=xy_learned seed=2
backbone=1.0000 probe=1.0000 block=gru task=vertical scan=col grid=16 signal=single_patch pos=xy_learned seed=0
backbone=1.0000 probe=1.0000 block=gru task=vertical scan=col grid=16 signal=single_patch pos=xy_learned seed=1
backbone=1.0000 probe=1.0000 block=gru task=vertical scan=col grid=16 signal=single_patch pos=xy_learned seed=2
backbone=0.9580 probe=0.9678 block=gru task=vertical scan=col grid=24 signal=single_patch pos=xy_learned seed=0
backbone=0.5049 probe=0.5127 block=gru task=vertical scan=col grid=24 signal=single_patch pos=xy_learned seed=1
backbone=0.5029 probe=0.5107 block=gru task=vertical scan=col grid=24 signal=single_patch pos=xy_learned seed=2
backbone=0.4883 probe=0.5107 block=gru task=vertical scan=col grid=32 signal=single_patch pos=xy_learned seed=0
backbone=0.5215 probe=0.5361 block=gru task=vertical scan=col grid=32 signal=single_patch pos=xy_learned seed=1
backbone=0.5010 probe=0.5088 block=gru task=vertical scan=col grid=32 signal=single_patch pos=xy_learned seed=2
backbone=1.0000 probe=1.0000 block=gru task=horizontal scan=row grid=8 signal=single_patch pos=xy_learned seed=0
backbone=0.9990 probe=0.9990 block=gru task=horizontal scan=row grid=8 signal=single_patch pos=xy_learned seed=1
backbone=1.0000 probe=1.0000 block=gru task=horizontal scan=row grid=8 signal=single_patch pos=xy_learned seed=2
backbone=1.0000 probe=1.0000 block=gru task=horizontal scan=row grid=16 signal=single_patch pos=xy_learned seed=0
backbone=1.0000 probe=1.0000 block=gru task=horizontal scan=row grid=16 signal=single_patch pos=xy_learned seed=1
backbone=1.0000 probe=1.0000 block=gru task=horizontal scan=row grid=16 signal=single_patch pos=xy_learned seed=2
backbone=0.5273 probe=0.5371 block=gru task=horizontal scan=row grid=24 signal=single_patch pos=xy_learned seed=0
backbone=0.5098 probe=0.5078 block=gru task=horizontal scan=row grid=24 signal=single_patch pos=xy_learned seed=1
backbone=0.5117 probe=0.5186 block=gru task=horizontal scan=row grid=24 signal=single_patch pos=xy_learned seed=2
backbone=0.5127 probe=0.4883 block=gru task=horizontal scan=row grid=32 signal=single_patch pos=xy_learned seed=0
backbone=0.5225 probe=0.5020 block=gru task=horizontal scan=row grid=32 signal=single_patch pos=xy_learned seed=1
backbone=0.5186 probe=0.5332 block=gru task=horizontal scan=row grid=32 signal=single_patch pos=xy_learned seed=2
backbone=0.5225 probe=0.5078 block=gru task=horizontal scan=col grid=8 signal=single_patch pos=xy_learned seed=0
backbone=0.5156 probe=0.5078 block=gru task=horizontal scan=col grid=8 signal=single_patch pos=xy_learned seed=1
backbone=0.5088 probe=0.5117 block=gru task=horizontal scan=col grid=8 signal=single_patch pos=xy_learned seed=2
backbone=0.5000 probe=0.5049 block=gru task=horizontal scan=col grid=16 signal=single_patch pos=xy_learned seed=0
backbone=0.4902 probe=0.5068 block=gru task=horizontal scan=col grid=16 signal=single_patch pos=xy_learned seed=1
backbone=0.5205 probe=0.4932 block=gru task=horizontal scan=col grid=16 signal=single_patch pos=xy_learned seed=2
backbone=0.5215 probe=0.5420 block=gru task=horizontal scan=col grid=24 signal=single_patch pos=xy_learned seed=0
backbone=0.5088 probe=0.4990 block=gru task=horizontal scan=col grid=24 signal=single_patch pos=xy_learned seed=1
backbone=0.5283 probe=0.5332 block=gru task=horizontal scan=col grid=24 signal=single_patch pos=xy_learned seed=2
backbone=0.5273 probe=0.4951 block=gru task=horizontal scan=col grid=32 signal=single_patch pos=xy_learned seed=0
backbone=0.5156 probe=0.5166 block=gru task=horizontal scan=col grid=32 signal=single_patch pos=xy_learned seed=1
backbone=0.5020 probe=0.5312 block=gru task=horizontal scan=col grid=32 signal=single_patch pos=xy_learned seed=2
backbone=1.0000 probe=1.0000 block=mamba task=vertical scan=row grid=8 signal=single_patch pos=xy_learned seed=0
backbone=0.5322 probe=0.5166 block=mamba task=vertical scan=row grid=8 signal=single_patch pos=xy_learned seed=1
backbone=0.5273 probe=0.5098 block=mamba task=vertical scan=row grid=8 signal=single_patch pos=xy_learned seed=2
backbone=0.5029 probe=0.5098 block=mamba task=vertical scan=row grid=16 signal=single_patch pos=xy_learned seed=0
backbone=0.4990 probe=0.5098 block=mamba task=vertical scan=row grid=16 signal=single_patch pos=xy_learned seed=1
backbone=0.5195 probe=0.5068 block=mamba task=vertical scan=row grid=16 signal=single_patch pos=xy_learned seed=2
backbone=0.5098 probe=0.4727 block=mamba task=vertical scan=row grid=24 signal=single_patch pos=xy_learned seed=0
backbone=0.5186 probe=0.4951 block=mamba task=vertical scan=row grid=24 signal=single_patch pos=xy_learned seed=1
backbone=0.5059 probe=0.5020 block=mamba task=vertical scan=row grid=24 signal=single_patch pos=xy_learned seed=2
backbone=0.5371 probe=0.4902 block=mamba task=vertical scan=row grid=32 signal=single_patch pos=xy_learned seed=0
backbone=0.5029 probe=0.4980 block=mamba task=vertical scan=row grid=32 signal=single_patch pos=xy_learned seed=1
backbone=0.5176 probe=0.5176 block=mamba task=vertical scan=row grid=32 signal=single_patch pos=xy_learned seed=2
backbone=1.0000 probe=1.0000 block=mamba task=vertical scan=col grid=8 signal=single_patch pos=xy_learned seed=0
backbone=1.0000 probe=1.0000 block=mamba task=vertical scan=col grid=8 signal=single_patch pos=xy_learned seed=1
backbone=1.0000 probe=1.0000 block=mamba task=vertical scan=col grid=8 signal=single_patch pos=xy_learned seed=2
backbone=1.0000 probe=1.0000 block=mamba task=vertical scan=col grid=16 signal=single_patch pos=xy_learned seed=0
backbone=1.0000 probe=1.0000 block=mamba task=vertical scan=col grid=16 signal=single_patch pos=xy_learned seed=1
backbone=1.0000 probe=1.0000 block=mamba task=vertical scan=col grid=16 signal=single_patch pos=xy_learned seed=2
backbone=1.0000 probe=1.0000 block=mamba task=vertical scan=col grid=24 signal=single_patch pos=xy_learned seed=0
backbone=1.0000 probe=1.0000 block=mamba task=vertical scan=col grid=24 signal=single_patch pos=xy_learned seed=1
backbone=1.0000 probe=1.0000 block=mamba task=vertical scan=col grid=24 signal=single_patch pos=xy_learned seed=2
backbone=1.0000 probe=1.0000 block=mamba task=vertical scan=col grid=32 signal=single_patch pos=xy_learned seed=0
backbone=1.0000 probe=1.0000 block=mamba task=vertical scan=col grid=32 signal=single_patch pos=xy_learned seed=1
backbone=1.0000 probe=1.0000 block=mamba task=vertical scan=col grid=32 signal=single_patch pos=xy_learned seed=2
backbone=1.0000 probe=1.0000 block=mamba task=horizontal scan=row grid=8 signal=single_patch pos=xy_learned seed=0
backbone=1.0000 probe=1.0000 block=mamba task=horizontal scan=row grid=8 signal=single_patch pos=xy_learned seed=1
backbone=1.0000 probe=1.0000 block=mamba task=horizontal scan=row grid=8 signal=single_patch pos=xy_learned seed=2
backbone=1.0000 probe=1.0000 block=mamba task=horizontal scan=row grid=16 signal=single_patch pos=xy_learned seed=0
backbone=1.0000 probe=1.0000 block=mamba task=horizontal scan=row grid=16 signal=single_patch pos=xy_learned seed=1
backbone=1.0000 probe=1.0000 block=mamba task=horizontal scan=row grid=16 signal=single_patch pos=xy_learned seed=2
backbone=1.0000 probe=1.0000 block=mamba task=horizontal scan=row grid=24 signal=single_patch pos=xy_learned seed=0
backbone=1.0000 probe=1.0000 block=mamba task=horizontal scan=row grid=24 signal=single_patch pos=xy_learned seed=1
backbone=1.0000 probe=1.0000 block=mamba task=horizontal scan=row grid=24 signal=single_patch pos=xy_learned seed=2
backbone=1.0000 probe=1.0000 block=mamba task=horizontal scan=row grid=32 signal=single_patch pos=xy_learned seed=0
backbone=1.0000 probe=1.0000 block=mamba task=horizontal scan=row grid=32 signal=single_patch pos=xy_learned seed=1
backbone=1.0000 probe=1.0000 block=mamba task=horizontal scan=row grid=32 signal=single_patch pos=xy_learned seed=2
backbone=1.0000 probe=1.0000 block=mamba task=horizontal scan=col grid=8 signal=single_patch pos=xy_learned seed=0
backbone=0.9971 probe=0.9971 block=mamba task=horizontal scan=col grid=8 signal=single_patch pos=xy_learned seed=1
backbone=1.0000 probe=1.0000 block=mamba task=horizontal scan=col grid=8 signal=single_patch pos=xy_learned seed=2
backbone=0.4980 probe=0.4971 block=mamba task=horizontal scan=col grid=16 signal=single_patch pos=xy_learned seed=0
backbone=0.5000 probe=0.5264 block=mamba task=horizontal scan=col grid=16 signal=single_patch pos=xy_learned seed=1
backbone=0.4961 probe=0.4990 block=mamba task=horizontal scan=col grid=16 signal=single_patch pos=xy_learned seed=2
backbone=0.5029 probe=0.4990 block=mamba task=horizontal scan=col grid=24 signal=single_patch pos=xy_learned seed=0
backbone=0.5117 probe=0.5010 block=mamba task=horizontal scan=col grid=24 signal=single_patch pos=xy_learned seed=1
backbone=0.5244 probe=0.5215 block=mamba task=horizontal scan=col grid=24 signal=single_patch pos=xy_learned seed=2
backbone=0.5254 probe=0.5195 block=mamba task=horizontal scan=col grid=32 signal=single_patch pos=xy_learned seed=0
backbone=0.4980 probe=0.4980 block=mamba task=horizontal scan=col grid=32 signal=single_patch pos=xy_learned seed=1
backbone=0.4912 probe=0.5117 block=mamba task=horizontal scan=col grid=32 signal=single_patch pos=xy_learned seed=2
saved results: mamba_scan_study/outputs/stage1_probing/default_small/results.csv
saved summary: mamba_scan_study/outputs/stage1_probing/default_small/summary.csv
saved json   : mamba_scan_study/outputs/stage1_probing/default_small/results.json
