device=cpu HAS_MAMBA=False outdir=outputs/stage1_gap_sweep/gru_vh_small
best=0.5273 block=gru task=vertical scan=row grid=8 signal=single_patch pos=xy_learned seed=0
best=0.5781 block=gru task=vertical scan=row grid=8 signal=single_patch pos=xy_learned seed=1
best=0.5371 block=gru task=vertical scan=row grid=8 signal=single_patch pos=xy_learned seed=2
best=0.5332 block=gru task=vertical scan=row grid=16 signal=single_patch pos=xy_learned seed=0
best=0.5059 block=gru task=vertical scan=row grid=16 signal=single_patch pos=xy_learned seed=1
best=0.4902 block=gru task=vertical scan=row grid=16 signal=single_patch pos=xy_learned seed=2
best=1.0000 block=gru task=vertical scan=col grid=8 signal=single_patch pos=xy_learned seed=0
best=1.0000 block=gru task=vertical scan=col grid=8 signal=single_patch pos=xy_learned seed=1
best=1.0000 block=gru task=vertical scan=col grid=8 signal=single_patch pos=xy_learned seed=2
best=0.9980 block=gru task=vertical scan=col grid=16 signal=single_patch pos=xy_learned seed=0
best=0.8984 block=gru task=vertical scan=col grid=16 signal=single_patch pos=xy_learned seed=1
best=1.0000 block=gru task=vertical scan=col grid=16 signal=single_patch pos=xy_learned seed=2
best=1.0000 block=gru task=horizontal scan=row grid=8 signal=single_patch pos=xy_learned seed=0
best=1.0000 block=gru task=horizontal scan=row grid=8 signal=single_patch pos=xy_learned seed=1
best=1.0000 block=gru task=horizontal scan=row grid=8 signal=single_patch pos=xy_learned seed=2
best=0.9688 block=gru task=horizontal scan=row grid=16 signal=single_patch pos=xy_learned seed=0
best=0.9961 block=gru task=horizontal scan=row grid=16 signal=single_patch pos=xy_learned seed=1
best=0.9980 block=gru task=horizontal scan=row grid=16 signal=single_patch pos=xy_learned seed=2
best=0.5176 block=gru task=horizontal scan=col grid=8 signal=single_patch pos=xy_learned seed=0
best=0.5254 block=gru task=horizontal scan=col grid=8 signal=single_patch pos=xy_learned seed=1
best=0.5117 block=gru task=horizontal scan=col grid=8 signal=single_patch pos=xy_learned seed=2
best=0.5078 block=gru task=horizontal scan=col grid=16 signal=single_patch pos=xy_learned seed=0
best=0.5020 block=gru task=horizontal scan=col grid=16 signal=single_patch pos=xy_learned seed=1
best=0.4980 block=gru task=horizontal scan=col grid=16 signal=single_patch pos=xy_learned seed=2
saved results: outputs/stage1_gap_sweep/gru_vh_small/results.csv
saved summary: outputs/stage1_gap_sweep/gru_vh_small/summary.csv
saved json   : outputs/stage1_gap_sweep/gru_vh_small/results.json
