Collecting causal-conv1d==1.2.2.post1
  Downloading causal_conv1d-1.2.2.post1.tar.gz (7.2 kB)
  Preparing metadata (setup.py): started
  Preparing metadata (setup.py): finished with status 'error'
  error: subprocess-exited-with-error
  
  × python setup.py egg_info did not run successfully.
  │ exit code: 1
  ╰─> [23 lines of output]
      /private/var/folders/5t/_sdcc0b5691bl2qhs_5l0p700000gn/T/pip-install-rjkseq22/causal-conv1d_c8ef39d9c84e43278ef18566f7c94c42/setup.py:74: UserWarning: causal_conv1d was requested, but nvcc was not found.  Are you sure your environment has nvcc available?  If you're installing within a container from https://hub.docker.com/r/pytorch/pytorch, only images whose names contain 'devel' will provide nvcc.
        warnings.warn(
      Traceback (most recent call last):
        File "<string>", line 2, in <module>
          exec(compile('''
          ~~~~^^^^^^^^^^^^
          # This is <pip-setuptools-caller> -- a caller that pip uses to run setup.py
          ^^^^^^^^^^^^^^^^^^^^^^^^^^^^^^^^^^^^^^^^^^^^^^^^^^^^^^^^^^^^^^^^^^^^^^^^^^^
          ...<32 lines>...
          exec(compile(setup_py_code, filename, "exec"))
          ^^^^^^^^^^^^^^^^^^^^^^^^^^^^^^^^^^^^^^^^^^^^^^
          ''' % ('/private/var/folders/5t/_sdcc0b5691bl2qhs_5l0p700000gn/T/pip-install-rjkseq22/causal-conv1d_c8ef39d9c84e43278ef18566f7c94c42/setup.py',), "<pip-setuptools-caller>", "exec"))
          ^^^^^^^^^^^^^^^^^^^^^^^^^^^^^^^^^^^^^^^^^^^^^^^^^^^^^^^^^^^^^^^^^^^^^^^^^^^^^^^^^^^^^^^^^^^^^^^^^^^^^^^^^^^^^^^^^^^^^^^^^^^^^^^^^^^^^^^^^^^^^^^^^^^^^^^^^^^^^^^^^^^^^^^^^^^^^^^^^^^^^
        File "<pip-setuptools-caller>", line 35, in <module>
        File "/private/var/folders/5t/_sdcc0b5691bl2qhs_5l0p700000gn/T/pip-install-rjkseq22/causal-conv1d_c8ef39d9c84e43278ef18566f7c94c42/setup.py", line 116, in <module>
          if bare_metal_version >= Version("11.8"):
             ^^^^^^^^^^^^^^^^^^
      NameError: name 'bare_metal_version' is not defined
      
      
      torch.__version__  = 2.7.1
      
      
      [end of output]
  
  note: This error originates from a subprocess, and is likely not a problem with pip.
error: metadata-generation-failed

× Encountered error while generating package metadata.
╰─> See above for output.

note: This is an issue with the package mentioned above, not pip.
hint: See above for details.
