device=cuda HAS_MAMBA=True outdir=mamba_scan_study/outputs/stage1_gap_sweep/mamba_full
/home/tuling/miniconda3/envs/mair/lib/python3.10/site-packages/torch/nn/modules/conv.py:459: UserWarning: Applied workaround for CuDNN issue, install nvrtc.so (Triggered internally at ../aten/src/ATen/native/cudnn/Conv_v8.cpp:80.)
  return F.conv2d(input, weight, bias, self.stride,
best=0.7422 block=mamba task=vertical scan=row grid=8 signal=single_patch pos=none seed=0
best=0.9990 block=mamba task=vertical scan=row grid=8 signal=single_patch pos=none seed=1
best=0.5186 block=mamba task=vertical scan=row grid=8 signal=single_patch pos=none seed=2
best=1.0000 block=mamba task=vertical scan=row grid=8 signal=single_patch pos=xy_learned seed=0
best=0.5322 block=mamba task=vertical scan=row grid=8 signal=single_patch pos=xy_learned seed=1
best=0.5273 block=mamba task=vertical scan=row grid=8 signal=single_patch pos=xy_learned seed=2
best=0.5176 block=mamba task=vertical scan=row grid=8 signal=single_pixel pos=none seed=0
best=0.5312 block=mamba task=vertical scan=row grid=8 signal=single_pixel pos=none seed=1
best=0.5059 block=mamba task=vertical scan=row grid=8 signal=single_pixel pos=none seed=2
best=0.5186 block=mamba task=vertical scan=row grid=8 signal=single_pixel pos=xy_learned seed=0
best=0.5283 block=mamba task=vertical scan=row grid=8 signal=single_pixel pos=xy_learned seed=1
best=0.4941 block=mamba task=vertical scan=row grid=8 signal=single_pixel pos=xy_learned seed=2
best=0.5049 block=mamba task=vertical scan=row grid=16 signal=single_patch pos=none seed=0
best=0.5039 block=mamba task=vertical scan=row grid=16 signal=single_patch pos=none seed=1
best=0.5195 block=mamba task=vertical scan=row grid=16 signal=single_patch pos=none seed=2
best=0.5029 block=mamba task=vertical scan=row grid=16 signal=single_patch pos=xy_learned seed=0
best=0.4990 block=mamba task=vertical scan=row grid=16 signal=single_patch pos=xy_learned seed=1
best=0.5195 block=mamba task=vertical scan=row grid=16 signal=single_patch pos=xy_learned seed=2
best=0.5000 block=mamba task=vertical scan=row grid=16 signal=single_pixel pos=none seed=0
best=0.5039 block=mamba task=vertical scan=row grid=16 signal=single_pixel pos=none seed=1
best=0.5000 block=mamba task=vertical scan=row grid=16 signal=single_pixel pos=none seed=2
best=0.5078 block=mamba task=vertical scan=row grid=16 signal=single_pixel pos=xy_learned seed=0
best=0.5010 block=mamba task=vertical scan=row grid=16 signal=single_pixel pos=xy_learned seed=1
best=0.5117 block=mamba task=vertical scan=row grid=16 signal=single_pixel pos=xy_learned seed=2
best=0.5039 block=mamba task=vertical scan=row grid=24 signal=single_patch pos=none seed=0
best=0.5137 block=mamba task=vertical scan=row grid=24 signal=single_patch pos=none seed=1
best=0.5059 block=mamba task=vertical scan=row grid=24 signal=single_patch pos=none seed=2
best=0.5098 block=mamba task=vertical scan=row grid=24 signal=single_patch pos=xy_learned seed=0
best=0.5186 block=mamba task=vertical scan=row grid=24 signal=single_patch pos=xy_learned seed=1
best=0.5059 block=mamba task=vertical scan=row grid=24 signal=single_patch pos=xy_learned seed=2
best=0.5039 block=mamba task=vertical scan=row grid=24 signal=single_pixel pos=none seed=0
best=0.5000 block=mamba task=vertical scan=row grid=24 signal=single_pixel pos=none seed=1
best=0.4922 block=mamba task=vertical scan=row grid=24 signal=single_pixel pos=none seed=2
best=0.5283 block=mamba task=vertical scan=row grid=24 signal=single_pixel pos=xy_learned seed=0
best=0.5107 block=mamba task=vertical scan=row grid=24 signal=single_pixel pos=xy_learned seed=1
best=0.5000 block=mamba task=vertical scan=row grid=24 signal=single_pixel pos=xy_learned seed=2
best=0.5400 block=mamba task=vertical scan=row grid=32 signal=single_patch pos=none seed=0
best=0.5156 block=mamba task=vertical scan=row grid=32 signal=single_patch pos=none seed=1
best=0.5146 block=mamba task=vertical scan=row grid=32 signal=single_patch pos=none seed=2
best=0.5371 block=mamba task=vertical scan=row grid=32 signal=single_patch pos=xy_learned seed=0
best=0.5029 block=mamba task=vertical scan=row grid=32 signal=single_patch pos=xy_learned seed=1
best=0.5176 block=mamba task=vertical scan=row grid=32 signal=single_patch pos=xy_learned seed=2
best=0.5195 block=mamba task=vertical scan=row grid=32 signal=single_pixel pos=none seed=0
best=0.5146 block=mamba task=vertical scan=row grid=32 signal=single_pixel pos=none seed=1
best=0.5205 block=mamba task=vertical scan=row grid=32 signal=single_pixel pos=none seed=2
best=0.5127 block=mamba task=vertical scan=row grid=32 signal=single_pixel pos=xy_learned seed=0
best=0.4990 block=mamba task=vertical scan=row grid=32 signal=single_pixel pos=xy_learned seed=1
best=0.4941 block=mamba task=vertical scan=row grid=32 signal=single_pixel pos=xy_learned seed=2
best=1.0000 block=mamba task=vertical scan=col grid=8 signal=single_patch pos=none seed=0
best=1.0000 block=mamba task=vertical scan=col grid=8 signal=single_patch pos=none seed=1
best=1.0000 block=mamba task=vertical scan=col grid=8 signal=single_patch pos=none seed=2
best=1.0000 block=mamba task=vertical scan=col grid=8 signal=single_patch pos=xy_learned seed=0
best=1.0000 block=mamba task=vertical scan=col grid=8 signal=single_patch pos=xy_learned seed=1
best=1.0000 block=mamba task=vertical scan=col grid=8 signal=single_patch pos=xy_learned seed=2
best=0.5234 block=mamba task=vertical scan=col grid=8 signal=single_pixel pos=none seed=0
best=0.5469 block=mamba task=vertical scan=col grid=8 signal=single_pixel pos=none seed=1
best=0.5293 block=mamba task=vertical scan=col grid=8 signal=single_pixel pos=none seed=2
best=0.5146 block=mamba task=vertical scan=col grid=8 signal=single_pixel pos=xy_learned seed=0
best=0.5225 block=mamba task=vertical scan=col grid=8 signal=single_pixel pos=xy_learned seed=1
best=0.5361 block=mamba task=vertical scan=col grid=8 signal=single_pixel pos=xy_learned seed=2
best=1.0000 block=mamba task=vertical scan=col grid=16 signal=single_patch pos=none seed=0
best=1.0000 block=mamba task=vertical scan=col grid=16 signal=single_patch pos=none seed=1
best=1.0000 block=mamba task=vertical scan=col grid=16 signal=single_patch pos=none seed=2
best=1.0000 block=mamba task=vertical scan=col grid=16 signal=single_patch pos=xy_learned seed=0
best=1.0000 block=mamba task=vertical scan=col grid=16 signal=single_patch pos=xy_learned seed=1
best=1.0000 block=mamba task=vertical scan=col grid=16 signal=single_patch pos=xy_learned seed=2
best=0.5059 block=mamba task=vertical scan=col grid=16 signal=single_pixel pos=none seed=0
best=0.4922 block=mamba task=vertical scan=col grid=16 signal=single_pixel pos=none seed=1
best=0.5039 block=mamba task=vertical scan=col grid=16 signal=single_pixel pos=none seed=2
best=0.5264 block=mamba task=vertical scan=col grid=16 signal=single_pixel pos=xy_learned seed=0
best=0.4971 block=mamba task=vertical scan=col grid=16 signal=single_pixel pos=xy_learned seed=1
best=0.5195 block=mamba task=vertical scan=col grid=16 signal=single_pixel pos=xy_learned seed=2
best=1.0000 block=mamba task=vertical scan=col grid=24 signal=single_patch pos=none seed=0
best=1.0000 block=mamba task=vertical scan=col grid=24 signal=single_patch pos=none seed=1
best=1.0000 block=mamba task=vertical scan=col grid=24 signal=single_patch pos=none seed=2
best=1.0000 block=mamba task=vertical scan=col grid=24 signal=single_patch pos=xy_learned seed=0
best=1.0000 block=mamba task=vertical scan=col grid=24 signal=single_patch pos=xy_learned seed=1
best=1.0000 block=mamba task=vertical scan=col grid=24 signal=single_patch pos=xy_learned seed=2
best=0.5166 block=mamba task=vertical scan=col grid=24 signal=single_pixel pos=none seed=0
best=0.5381 block=mamba task=vertical scan=col grid=24 signal=single_pixel pos=none seed=1
best=0.5127 block=mamba task=vertical scan=col grid=24 signal=single_pixel pos=none seed=2
best=0.5088 block=mamba task=vertical scan=col grid=24 signal=single_pixel pos=xy_learned seed=0
best=0.5430 block=mamba task=vertical scan=col grid=24 signal=single_pixel pos=xy_learned seed=1
best=0.4912 block=mamba task=vertical scan=col grid=24 signal=single_pixel pos=xy_learned seed=2
best=1.0000 block=mamba task=vertical scan=col grid=32 signal=single_patch pos=none seed=0
best=1.0000 block=mamba task=vertical scan=col grid=32 signal=single_patch pos=none seed=1
best=1.0000 block=mamba task=vertical scan=col grid=32 signal=single_patch pos=none seed=2
best=1.0000 block=mamba task=vertical scan=col grid=32 signal=single_patch pos=xy_learned seed=0
best=1.0000 block=mamba task=vertical scan=col grid=32 signal=single_patch pos=xy_learned seed=1
best=1.0000 block=mamba task=vertical scan=col grid=32 signal=single_patch pos=xy_learned seed=2
best=0.5049 block=mamba task=vertical scan=col grid=32 signal=single_pixel pos=none seed=0
best=0.5000 block=mamba task=vertical scan=col grid=32 signal=single_pixel pos=none seed=1
best=0.5137 block=mamba task=vertical scan=col grid=32 signal=single_pixel pos=none seed=2
best=0.5107 block=mamba task=vertical scan=col grid=32 signal=single_pixel pos=xy_learned seed=0
best=0.5088 block=mamba task=vertical scan=col grid=32 signal=single_pixel pos=xy_learned seed=1
best=0.5117 block=mamba task=vertical scan=col grid=32 signal=single_pixel pos=xy_learned seed=2
best=0.7129 block=mamba task=vertical scan=diag grid=8 signal=single_patch pos=none seed=0
best=0.9834 block=mamba task=vertical scan=diag grid=8 signal=single_patch pos=none seed=1
best=0.5205 block=mamba task=vertical scan=diag grid=8 signal=single_patch pos=none seed=2
best=1.0000 block=mamba task=vertical scan=diag grid=8 signal=single_patch pos=xy_learned seed=0
best=0.5537 block=mamba task=vertical scan=diag grid=8 signal=single_patch pos=xy_learned seed=1
best=0.5234 block=mamba task=vertical scan=diag grid=8 signal=single_patch pos=xy_learned seed=2
best=0.5195 block=mamba task=vertical scan=diag grid=8 signal=single_pixel pos=none seed=0
best=0.5273 block=mamba task=vertical scan=diag grid=8 signal=single_pixel pos=none seed=1
best=0.5312 block=mamba task=vertical scan=diag grid=8 signal=single_pixel pos=none seed=2
best=0.5215 block=mamba task=vertical scan=diag grid=8 signal=single_pixel pos=xy_learned seed=0
best=0.5156 block=mamba task=vertical scan=diag grid=8 signal=single_pixel pos=xy_learned seed=1
best=0.5361 block=mamba task=vertical scan=diag grid=8 signal=single_pixel pos=xy_learned seed=2
best=0.5107 block=mamba task=vertical scan=diag grid=16 signal=single_patch pos=none seed=0
best=0.5195 block=mamba task=vertical scan=diag grid=16 signal=single_patch pos=none seed=1
best=0.5264 block=mamba task=vertical scan=diag grid=16 signal=single_patch pos=none seed=2
best=0.5244 block=mamba task=vertical scan=diag grid=16 signal=single_patch pos=xy_learned seed=0
best=0.5020 block=mamba task=vertical scan=diag grid=16 signal=single_patch pos=xy_learned seed=1
best=0.5303 block=mamba task=vertical scan=diag grid=16 signal=single_patch pos=xy_learned seed=2
best=0.5137 block=mamba task=vertical scan=diag grid=16 signal=single_pixel pos=none seed=0
best=0.5068 block=mamba task=vertical scan=diag grid=16 signal=single_pixel pos=none seed=1
best=0.5098 block=mamba task=vertical scan=diag grid=16 signal=single_pixel pos=none seed=2
best=0.5186 block=mamba task=vertical scan=diag grid=16 signal=single_pixel pos=xy_learned seed=0
best=0.4951 block=mamba task=vertical scan=diag grid=16 signal=single_pixel pos=xy_learned seed=1
best=0.5049 block=mamba task=vertical scan=diag grid=16 signal=single_pixel pos=xy_learned seed=2
best=0.4990 block=mamba task=vertical scan=diag grid=24 signal=single_patch pos=none seed=0
best=0.5107 block=mamba task=vertical scan=diag grid=24 signal=single_patch pos=none seed=1
best=0.5059 block=mamba task=vertical scan=diag grid=24 signal=single_patch pos=none seed=2
best=0.5107 block=mamba task=vertical scan=diag grid=24 signal=single_patch pos=xy_learned seed=0
best=0.5029 block=mamba task=vertical scan=diag grid=24 signal=single_patch pos=xy_learned seed=1
best=0.5205 block=mamba task=vertical scan=diag grid=24 signal=single_patch pos=xy_learned seed=2
best=0.5137 block=mamba task=vertical scan=diag grid=24 signal=single_pixel pos=none seed=0
best=0.5127 block=mamba task=vertical scan=diag grid=24 signal=single_pixel pos=none seed=1
best=0.5107 block=mamba task=vertical scan=diag grid=24 signal=single_pixel pos=none seed=2
best=0.5039 block=mamba task=vertical scan=diag grid=24 signal=single_pixel pos=xy_learned seed=0
best=0.5010 block=mamba task=vertical scan=diag grid=24 signal=single_pixel pos=xy_learned seed=1
best=0.4961 block=mamba task=vertical scan=diag grid=24 signal=single_pixel pos=xy_learned seed=2
best=0.4912 block=mamba task=vertical scan=diag grid=32 signal=single_patch pos=none seed=0
best=0.5273 block=mamba task=vertical scan=diag grid=32 signal=single_patch pos=none seed=1
best=0.5273 block=mamba task=vertical scan=diag grid=32 signal=single_patch pos=none seed=2
best=0.5215 block=mamba task=vertical scan=diag grid=32 signal=single_patch pos=xy_learned seed=0
best=0.5166 block=mamba task=vertical scan=diag grid=32 signal=single_patch pos=xy_learned seed=1
best=0.5127 block=mamba task=vertical scan=diag grid=32 signal=single_patch pos=xy_learned seed=2
best=0.5107 block=mamba task=vertical scan=diag grid=32 signal=single_pixel pos=none seed=0
best=0.5234 block=mamba task=vertical scan=diag grid=32 signal=single_pixel pos=none seed=1
best=0.5127 block=mamba task=vertical scan=diag grid=32 signal=single_pixel pos=none seed=2
best=0.4961 block=mamba task=vertical scan=diag grid=32 signal=single_pixel pos=xy_learned seed=0
best=0.5312 block=mamba task=vertical scan=diag grid=32 signal=single_pixel pos=xy_learned seed=1
best=0.5098 block=mamba task=vertical scan=diag grid=32 signal=single_pixel pos=xy_learned seed=2
best=1.0000 block=mamba task=vertical scan=anti_diag grid=8 signal=single_patch pos=none seed=0
best=0.9541 block=mamba task=vertical scan=anti_diag grid=8 signal=single_patch pos=none seed=1
best=0.5469 block=mamba task=vertical scan=anti_diag grid=8 signal=single_patch pos=none seed=2
best=1.0000 block=mamba task=vertical scan=anti_diag grid=8 signal=single_patch pos=xy_learned seed=0
best=1.0000 block=mamba task=vertical scan=anti_diag grid=8 signal=single_patch pos=xy_learned seed=1
best=1.0000 block=mamba task=vertical scan=anti_diag grid=8 signal=single_patch pos=xy_learned seed=2
best=0.5078 block=mamba task=vertical scan=anti_diag grid=8 signal=single_pixel pos=none seed=0
best=0.5137 block=mamba task=vertical scan=anti_diag grid=8 signal=single_pixel pos=none seed=1
best=0.5156 block=mamba task=vertical scan=anti_diag grid=8 signal=single_pixel pos=none seed=2
best=0.5186 block=mamba task=vertical scan=anti_diag grid=8 signal=single_pixel pos=xy_learned seed=0
best=0.5371 block=mamba task=vertical scan=anti_diag grid=8 signal=single_pixel pos=xy_learned seed=1
best=0.5322 block=mamba task=vertical scan=anti_diag grid=8 signal=single_pixel pos=xy_learned seed=2
best=0.5068 block=mamba task=vertical scan=anti_diag grid=16 signal=single_patch pos=none seed=0
best=0.5137 block=mamba task=vertical scan=anti_diag grid=16 signal=single_patch pos=none seed=1
best=0.5273 block=mamba task=vertical scan=anti_diag grid=16 signal=single_patch pos=none seed=2
best=0.4922 block=mamba task=vertical scan=anti_diag grid=16 signal=single_patch pos=xy_learned seed=0
best=0.5371 block=mamba task=vertical scan=anti_diag grid=16 signal=single_patch pos=xy_learned seed=1
best=0.5361 block=mamba task=vertical scan=anti_diag grid=16 signal=single_patch pos=xy_learned seed=2
best=0.4941 block=mamba task=vertical scan=anti_diag grid=16 signal=single_pixel pos=none seed=0
best=0.5117 block=mamba task=vertical scan=anti_diag grid=16 signal=single_pixel pos=none seed=1
best=0.5244 block=mamba task=vertical scan=anti_diag grid=16 signal=single_pixel pos=none seed=2
best=0.5234 block=mamba task=vertical scan=anti_diag grid=16 signal=single_pixel pos=xy_learned seed=0
best=0.5059 block=mamba task=vertical scan=anti_diag grid=16 signal=single_pixel pos=xy_learned seed=1
best=0.5225 block=mamba task=vertical scan=anti_diag grid=16 signal=single_pixel pos=xy_learned seed=2
best=0.4990 block=mamba task=vertical scan=anti_diag grid=24 signal=single_patch pos=none seed=0
best=0.5215 block=mamba task=vertical scan=anti_diag grid=24 signal=single_patch pos=none seed=1
best=0.5059 block=mamba task=vertical scan=anti_diag grid=24 signal=single_patch pos=none seed=2
best=0.5195 block=mamba task=vertical scan=anti_diag grid=24 signal=single_patch pos=xy_learned seed=0
best=0.5117 block=mamba task=vertical scan=anti_diag grid=24 signal=single_patch pos=xy_learned seed=1
best=0.5195 block=mamba task=vertical scan=anti_diag grid=24 signal=single_patch pos=xy_learned seed=2
best=0.5029 block=mamba task=vertical scan=anti_diag grid=24 signal=single_pixel pos=none seed=0
best=0.5049 block=mamba task=vertical scan=anti_diag grid=24 signal=single_pixel pos=none seed=1
best=0.4980 block=mamba task=vertical scan=anti_diag grid=24 signal=single_pixel pos=none seed=2
best=0.5088 block=mamba task=vertical scan=anti_diag grid=24 signal=single_pixel pos=xy_learned seed=0
best=0.4941 block=mamba task=vertical scan=anti_diag grid=24 signal=single_pixel pos=xy_learned seed=1
best=0.4951 block=mamba task=vertical scan=anti_diag grid=24 signal=single_pixel pos=xy_learned seed=2
best=0.5107 block=mamba task=vertical scan=anti_diag grid=32 signal=single_patch pos=none seed=0
best=0.5215 block=mamba task=vertical scan=anti_diag grid=32 signal=single_patch pos=none seed=1
best=0.5273 block=mamba task=vertical scan=anti_diag grid=32 signal=single_patch pos=none seed=2
best=0.5127 block=mamba task=vertical scan=anti_diag grid=32 signal=single_patch pos=xy_learned seed=0
best=0.4932 block=mamba task=vertical scan=anti_diag grid=32 signal=single_patch pos=xy_learned seed=1
best=0.5469 block=mamba task=vertical scan=anti_diag grid=32 signal=single_patch pos=xy_learned seed=2
best=0.5098 block=mamba task=vertical scan=anti_diag grid=32 signal=single_pixel pos=none seed=0
best=0.5029 block=mamba task=vertical scan=anti_diag grid=32 signal=single_pixel pos=none seed=1
best=0.5137 block=mamba task=vertical scan=anti_diag grid=32 signal=single_pixel pos=none seed=2
best=0.4941 block=mamba task=vertical scan=anti_diag grid=32 signal=single_pixel pos=xy_learned seed=0
best=0.5068 block=mamba task=vertical scan=anti_diag grid=32 signal=single_pixel pos=xy_learned seed=1
best=0.5146 block=mamba task=vertical scan=anti_diag grid=32 signal=single_pixel pos=xy_learned seed=2
best=1.0000 block=mamba task=horizontal scan=row grid=8 signal=single_patch pos=none seed=0
best=1.0000 block=mamba task=horizontal scan=row grid=8 signal=single_patch pos=none seed=1
best=1.0000 block=mamba task=horizontal scan=row grid=8 signal=single_patch pos=none seed=2
best=1.0000 block=mamba task=horizontal scan=row grid=8 signal=single_patch pos=xy_learned seed=0
best=1.0000 block=mamba task=horizontal scan=row grid=8 signal=single_patch pos=xy_learned seed=1
best=1.0000 block=mamba task=horizontal scan=row grid=8 signal=single_patch pos=xy_learned seed=2
best=0.5342 block=mamba task=horizontal scan=row grid=8 signal=single_pixel pos=none seed=0
best=0.5098 block=mamba task=horizontal scan=row grid=8 signal=single_pixel pos=none seed=1
best=0.5225 block=mamba task=horizontal scan=row grid=8 signal=single_pixel pos=none seed=2
best=0.5293 block=mamba task=horizontal scan=row grid=8 signal=single_pixel pos=xy_learned seed=0
best=0.5225 block=mamba task=horizontal scan=row grid=8 signal=single_pixel pos=xy_learned seed=1
best=0.5244 block=mamba task=horizontal scan=row grid=8 signal=single_pixel pos=xy_learned seed=2
best=1.0000 block=mamba task=horizontal scan=row grid=16 signal=single_patch pos=none seed=0
best=1.0000 block=mamba task=horizontal scan=row grid=16 signal=single_patch pos=none seed=1
best=0.9990 block=mamba task=horizontal scan=row grid=16 signal=single_patch pos=none seed=2
best=1.0000 block=mamba task=horizontal scan=row grid=16 signal=single_patch pos=xy_learned seed=0
best=1.0000 block=mamba task=horizontal scan=row grid=16 signal=single_patch pos=xy_learned seed=1
best=1.0000 block=mamba task=horizontal scan=row grid=16 signal=single_patch pos=xy_learned seed=2
best=0.5020 block=mamba task=horizontal scan=row grid=16 signal=single_pixel pos=none seed=0
best=0.4814 block=mamba task=horizontal scan=row grid=16 signal=single_pixel pos=none seed=1
best=0.5166 block=mamba task=horizontal scan=row grid=16 signal=single_pixel pos=none seed=2
best=0.4971 block=mamba task=horizontal scan=row grid=16 signal=single_pixel pos=xy_learned seed=0
best=0.4785 block=mamba task=horizontal scan=row grid=16 signal=single_pixel pos=xy_learned seed=1
best=0.5020 block=mamba task=horizontal scan=row grid=16 signal=single_pixel pos=xy_learned seed=2
best=1.0000 block=mamba task=horizontal scan=row grid=24 signal=single_patch pos=none seed=0
best=1.0000 block=mamba task=horizontal scan=row grid=24 signal=single_patch pos=none seed=1
best=1.0000 block=mamba task=horizontal scan=row grid=24 signal=single_patch pos=none seed=2
best=1.0000 block=mamba task=horizontal scan=row grid=24 signal=single_patch pos=xy_learned seed=0
best=1.0000 block=mamba task=horizontal scan=row grid=24 signal=single_patch pos=xy_learned seed=1
best=1.0000 block=mamba task=horizontal scan=row grid=24 signal=single_patch pos=xy_learned seed=2
best=0.5068 block=mamba task=horizontal scan=row grid=24 signal=single_pixel pos=none seed=0
best=0.5020 block=mamba task=horizontal scan=row grid=24 signal=single_pixel pos=none seed=1
best=0.5000 block=mamba task=horizontal scan=row grid=24 signal=single_pixel pos=none seed=2
best=0.5088 block=mamba task=horizontal scan=row grid=24 signal=single_pixel pos=xy_learned seed=0
best=0.5137 block=mamba task=horizontal scan=row grid=24 signal=single_pixel pos=xy_learned seed=1
best=0.5117 block=mamba task=horizontal scan=row grid=24 signal=single_pixel pos=xy_learned seed=2
best=1.0000 block=mamba task=horizontal scan=row grid=32 signal=single_patch pos=none seed=0
best=1.0000 block=mamba task=horizontal scan=row grid=32 signal=single_patch pos=none seed=1
best=0.8594 block=mamba task=horizontal scan=row grid=32 signal=single_patch pos=none seed=2
best=1.0000 block=mamba task=horizontal scan=row grid=32 signal=single_patch pos=xy_learned seed=0
best=1.0000 block=mamba task=horizontal scan=row grid=32 signal=single_patch pos=xy_learned seed=1
best=1.0000 block=mamba task=horizontal scan=row grid=32 signal=single_patch pos=xy_learned seed=2
best=0.5459 block=mamba task=horizontal scan=row grid=32 signal=single_pixel pos=none seed=0
best=0.4883 block=mamba task=horizontal scan=row grid=32 signal=single_pixel pos=none seed=1
best=0.4951 block=mamba task=horizontal scan=row grid=32 signal=single_pixel pos=none seed=2
best=0.5088 block=mamba task=horizontal scan=row grid=32 signal=single_pixel pos=xy_learned seed=0
best=0.4990 block=mamba task=horizontal scan=row grid=32 signal=single_pixel pos=xy_learned seed=1
best=0.5137 block=mamba task=horizontal scan=row grid=32 signal=single_pixel pos=xy_learned seed=2
best=0.5117 block=mamba task=horizontal scan=col grid=8 signal=single_patch pos=none seed=0
best=0.5342 block=mamba task=horizontal scan=col grid=8 signal=single_patch pos=none seed=1
best=0.5088 block=mamba task=horizontal scan=col grid=8 signal=single_patch pos=none seed=2
best=1.0000 block=mamba task=horizontal scan=col grid=8 signal=single_patch pos=xy_learned seed=0
best=0.9971 block=mamba task=horizontal scan=col grid=8 signal=single_patch pos=xy_learned seed=1
best=1.0000 block=mamba task=horizontal scan=col grid=8 signal=single_patch pos=xy_learned seed=2
best=0.5137 block=mamba task=horizontal scan=col grid=8 signal=single_pixel pos=none seed=0
best=0.5234 block=mamba task=horizontal scan=col grid=8 signal=single_pixel pos=none seed=1
best=0.5078 block=mamba task=horizontal scan=col grid=8 signal=single_pixel pos=none seed=2
best=0.5361 block=mamba task=horizontal scan=col grid=8 signal=single_pixel pos=xy_learned seed=0
best=0.5146 block=mamba task=horizontal scan=col grid=8 signal=single_pixel pos=xy_learned seed=1
best=0.5117 block=mamba task=horizontal scan=col grid=8 signal=single_pixel pos=xy_learned seed=2
best=0.4941 block=mamba task=horizontal scan=col grid=16 signal=single_patch pos=none seed=0
best=0.4932 block=mamba task=horizontal scan=col grid=16 signal=single_patch pos=none seed=1
best=0.4932 block=mamba task=horizontal scan=col grid=16 signal=single_patch pos=none seed=2
best=0.4980 block=mamba task=horizontal scan=col grid=16 signal=single_patch pos=xy_learned seed=0
best=0.5000 block=mamba task=horizontal scan=col grid=16 signal=single_patch pos=xy_learned seed=1
best=0.4961 block=mamba task=horizontal scan=col grid=16 signal=single_patch pos=xy_learned seed=2
best=0.5264 block=mamba task=horizontal scan=col grid=16 signal=single_pixel pos=none seed=0
best=0.4893 block=mamba task=horizontal scan=col grid=16 signal=single_pixel pos=none seed=1
best=0.5176 block=mamba task=horizontal scan=col grid=16 signal=single_pixel pos=none seed=2
best=0.4941 block=mamba task=horizontal scan=col grid=16 signal=single_pixel pos=xy_learned seed=0
best=0.5000 block=mamba task=horizontal scan=col grid=16 signal=single_pixel pos=xy_learned seed=1
best=0.4854 block=mamba task=horizontal scan=col grid=16 signal=single_pixel pos=xy_learned seed=2
best=0.5244 block=mamba task=horizontal scan=col grid=24 signal=single_patch pos=none seed=0
best=0.5078 block=mamba task=horizontal scan=col grid=24 signal=single_patch pos=none seed=1
best=0.5117 block=mamba task=horizontal scan=col grid=24 signal=single_patch pos=none seed=2
best=0.5029 block=mamba task=horizontal scan=col grid=24 signal=single_patch pos=xy_learned seed=0
best=0.5117 block=mamba task=horizontal scan=col grid=24 signal=single_patch pos=xy_learned seed=1
best=0.5244 block=mamba task=horizontal scan=col grid=24 signal=single_patch pos=xy_learned seed=2
best=0.5137 block=mamba task=horizontal scan=col grid=24 signal=single_pixel pos=none seed=0
best=0.5039 block=mamba task=horizontal scan=col grid=24 signal=single_pixel pos=none seed=1
best=0.5039 block=mamba task=horizontal scan=col grid=24 signal=single_pixel pos=none seed=2
best=0.5127 block=mamba task=horizontal scan=col grid=24 signal=single_pixel pos=xy_learned seed=0
best=0.5088 block=mamba task=horizontal scan=col grid=24 signal=single_pixel pos=xy_learned seed=1
best=0.5156 block=mamba task=horizontal scan=col grid=24 signal=single_pixel pos=xy_learned seed=2
best=0.5225 block=mamba task=horizontal scan=col grid=32 signal=single_patch pos=none seed=0
best=0.5107 block=mamba task=horizontal scan=col grid=32 signal=single_patch pos=none seed=1
best=0.5244 block=mamba task=horizontal scan=col grid=32 signal=single_patch pos=none seed=2
best=0.5254 block=mamba task=horizontal scan=col grid=32 signal=single_patch pos=xy_learned seed=0
best=0.4980 block=mamba task=horizontal scan=col grid=32 signal=single_patch pos=xy_learned seed=1
best=0.4912 block=mamba task=horizontal scan=col grid=32 signal=single_patch pos=xy_learned seed=2
best=0.5312 block=mamba task=horizontal scan=col grid=32 signal=single_pixel pos=none seed=0
best=0.4951 block=mamba task=horizontal scan=col grid=32 signal=single_pixel pos=none seed=1
best=0.5156 block=mamba task=horizontal scan=col grid=32 signal=single_pixel pos=none seed=2
best=0.5488 block=mamba task=horizontal scan=col grid=32 signal=single_pixel pos=xy_learned seed=0
best=0.4883 block=mamba task=horizontal scan=col grid=32 signal=single_pixel pos=xy_learned seed=1
best=0.5098 block=mamba task=horizontal scan=col grid=32 signal=single_pixel pos=xy_learned seed=2
best=1.0000 block=mamba task=horizontal scan=diag grid=8 signal=single_patch pos=none seed=0
best=1.0000 block=mamba task=horizontal scan=diag grid=8 signal=single_patch pos=none seed=1
best=0.5264 block=mamba task=horizontal scan=diag grid=8 signal=single_patch pos=none seed=2
best=1.0000 block=mamba task=horizontal scan=diag grid=8 signal=single_patch pos=xy_learned seed=0
best=1.0000 block=mamba task=horizontal scan=diag grid=8 signal=single_patch pos=xy_learned seed=1
best=1.0000 block=mamba task=horizontal scan=diag grid=8 signal=single_patch pos=xy_learned seed=2
best=0.5195 block=mamba task=horizontal scan=diag grid=8 signal=single_pixel pos=none seed=0
best=0.5225 block=mamba task=horizontal scan=diag grid=8 signal=single_pixel pos=none seed=1
best=0.5146 block=mamba task=horizontal scan=diag grid=8 signal=single_pixel pos=none seed=2
best=0.5283 block=mamba task=horizontal scan=diag grid=8 signal=single_pixel pos=xy_learned seed=0
best=0.5244 block=mamba task=horizontal scan=diag grid=8 signal=single_pixel pos=xy_learned seed=1
best=0.5098 block=mamba task=horizontal scan=diag grid=8 signal=single_pixel pos=xy_learned seed=2
best=0.5000 block=mamba task=horizontal scan=diag grid=16 signal=single_patch pos=none seed=0
best=0.5186 block=mamba task=horizontal scan=diag grid=16 signal=single_patch pos=none seed=1
best=0.5117 block=mamba task=horizontal scan=diag grid=16 signal=single_patch pos=none seed=2
best=0.4844 block=mamba task=horizontal scan=diag grid=16 signal=single_patch pos=xy_learned seed=0
best=0.4980 block=mamba task=horizontal scan=diag grid=16 signal=single_patch pos=xy_learned seed=1
best=0.5186 block=mamba task=horizontal scan=diag grid=16 signal=single_patch pos=xy_learned seed=2
best=0.5117 block=mamba task=horizontal scan=diag grid=16 signal=single_pixel pos=none seed=0
best=0.4922 block=mamba task=horizontal scan=diag grid=16 signal=single_pixel pos=none seed=1
best=0.5225 block=mamba task=horizontal scan=diag grid=16 signal=single_pixel pos=none seed=2
best=0.4893 block=mamba task=horizontal scan=diag grid=16 signal=single_pixel pos=xy_learned seed=0
best=0.4883 block=mamba task=horizontal scan=diag grid=16 signal=single_pixel pos=xy_learned seed=1
best=0.5049 block=mamba task=horizontal scan=diag grid=16 signal=single_pixel pos=xy_learned seed=2
best=0.5117 block=mamba task=horizontal scan=diag grid=24 signal=single_patch pos=none seed=0
best=0.5146 block=mamba task=horizontal scan=diag grid=24 signal=single_patch pos=none seed=1
best=0.5254 block=mamba task=horizontal scan=diag grid=24 signal=single_patch pos=none seed=2
best=0.4912 block=mamba task=horizontal scan=diag grid=24 signal=single_patch pos=xy_learned seed=0
best=0.5098 block=mamba task=horizontal scan=diag grid=24 signal=single_patch pos=xy_learned seed=1
best=0.5107 block=mamba task=horizontal scan=diag grid=24 signal=single_patch pos=xy_learned seed=2
best=0.5176 block=mamba task=horizontal scan=diag grid=24 signal=single_pixel pos=none seed=0
best=0.5371 block=mamba task=horizontal scan=diag grid=24 signal=single_pixel pos=none seed=1
best=0.5146 block=mamba task=horizontal scan=diag grid=24 signal=single_pixel pos=none seed=2
best=0.4990 block=mamba task=horizontal scan=diag grid=24 signal=single_pixel pos=xy_learned seed=0
best=0.5186 block=mamba task=horizontal scan=diag grid=24 signal=single_pixel pos=xy_learned seed=1
best=0.5225 block=mamba task=horizontal scan=diag grid=24 signal=single_pixel pos=xy_learned seed=2
best=0.5254 block=mamba task=horizontal scan=diag grid=32 signal=single_patch pos=none seed=0
best=0.5127 block=mamba task=horizontal scan=diag grid=32 signal=single_patch pos=none seed=1
best=0.5078 block=mamba task=horizontal scan=diag grid=32 signal=single_patch pos=none seed=2
best=0.5176 block=mamba task=horizontal scan=diag grid=32 signal=single_patch pos=xy_learned seed=0
best=0.5088 block=mamba task=horizontal scan=diag grid=32 signal=single_patch pos=xy_learned seed=1
best=0.5332 block=mamba task=horizontal scan=diag grid=32 signal=single_patch pos=xy_learned seed=2
best=0.5430 block=mamba task=horizontal scan=diag grid=32 signal=single_pixel pos=none seed=0
best=0.5088 block=mamba task=horizontal scan=diag grid=32 signal=single_pixel pos=none seed=1
best=0.5039 block=mamba task=horizontal scan=diag grid=32 signal=single_pixel pos=none seed=2
best=0.5107 block=mamba task=horizontal scan=diag grid=32 signal=single_pixel pos=xy_learned seed=0
best=0.4941 block=mamba task=horizontal scan=diag grid=32 signal=single_pixel pos=xy_learned seed=1
best=0.5273 block=mamba task=horizontal scan=diag grid=32 signal=single_pixel pos=xy_learned seed=2
best=0.5352 block=mamba task=horizontal scan=anti_diag grid=8 signal=single_patch pos=none seed=0
best=0.5283 block=mamba task=horizontal scan=anti_diag grid=8 signal=single_patch pos=none seed=1
best=0.5010 block=mamba task=horizontal scan=anti_diag grid=8 signal=single_patch pos=none seed=2
best=0.5361 block=mamba task=horizontal scan=anti_diag grid=8 signal=single_patch pos=xy_learned seed=0
best=0.5283 block=mamba task=horizontal scan=anti_diag grid=8 signal=single_patch pos=xy_learned seed=1
best=0.5020 block=mamba task=horizontal scan=anti_diag grid=8 signal=single_patch pos=xy_learned seed=2
best=0.5117 block=mamba task=horizontal scan=anti_diag grid=8 signal=single_pixel pos=none seed=0
best=0.5303 block=mamba task=horizontal scan=anti_diag grid=8 signal=single_pixel pos=none seed=1
best=0.5264 block=mamba task=horizontal scan=anti_diag grid=8 signal=single_pixel pos=none seed=2
best=0.5156 block=mamba task=horizontal scan=anti_diag grid=8 signal=single_pixel pos=xy_learned seed=0
best=0.5352 block=mamba task=horizontal scan=anti_diag grid=8 signal=single_pixel pos=xy_learned seed=1
best=0.5166 block=mamba task=horizontal scan=anti_diag grid=8 signal=single_pixel pos=xy_learned seed=2
best=0.5068 block=mamba task=horizontal scan=anti_diag grid=16 signal=single_patch pos=none seed=0
best=0.5039 block=mamba task=horizontal scan=anti_diag grid=16 signal=single_patch pos=none seed=1
best=0.5088 block=mamba task=horizontal scan=anti_diag grid=16 signal=single_patch pos=none seed=2
best=0.5010 block=mamba task=horizontal scan=anti_diag grid=16 signal=single_patch pos=xy_learned seed=0
best=0.5029 block=mamba task=horizontal scan=anti_diag grid=16 signal=single_patch pos=xy_learned seed=1
best=0.5039 block=mamba task=horizontal scan=anti_diag grid=16 signal=single_patch pos=xy_learned seed=2
best=0.5010 block=mamba task=horizontal scan=anti_diag grid=16 signal=single_pixel pos=none seed=0
best=0.5088 block=mamba task=horizontal scan=anti_diag grid=16 signal=single_pixel pos=none seed=1
best=0.5088 block=mamba task=horizontal scan=anti_diag grid=16 signal=single_pixel pos=none seed=2
best=0.4961 block=mamba task=horizontal scan=anti_diag grid=16 signal=single_pixel pos=xy_learned seed=0
best=0.4873 block=mamba task=horizontal scan=anti_diag grid=16 signal=single_pixel pos=xy_learned seed=1
best=0.5117 block=mamba task=horizontal scan=anti_diag grid=16 signal=single_pixel pos=xy_learned seed=2
best=0.5303 block=mamba task=horizontal scan=anti_diag grid=24 signal=single_patch pos=none seed=0
best=0.5234 block=mamba task=horizontal scan=anti_diag grid=24 signal=single_patch pos=none seed=1
best=0.5059 block=mamba task=horizontal scan=anti_diag grid=24 signal=single_patch pos=none seed=2
best=0.5166 block=mamba task=horizontal scan=anti_diag grid=24 signal=single_patch pos=xy_learned seed=0
best=0.5312 block=mamba task=horizontal scan=anti_diag grid=24 signal=single_patch pos=xy_learned seed=1
best=0.5107 block=mamba task=horizontal scan=anti_diag grid=24 signal=single_patch pos=xy_learned seed=2
best=0.5352 block=mamba task=horizontal scan=anti_diag grid=24 signal=single_pixel pos=none seed=0
best=0.5166 block=mamba task=horizontal scan=anti_diag grid=24 signal=single_pixel pos=none seed=1
best=0.5010 block=mamba task=horizontal scan=anti_diag grid=24 signal=single_pixel pos=none seed=2
best=0.5117 block=mamba task=horizontal scan=anti_diag grid=24 signal=single_pixel pos=xy_learned seed=0
best=0.4941 block=mamba task=horizontal scan=anti_diag grid=24 signal=single_pixel pos=xy_learned seed=1
best=0.5234 block=mamba task=horizontal scan=anti_diag grid=24 signal=single_pixel pos=xy_learned seed=2
best=0.5215 block=mamba task=horizontal scan=anti_diag grid=32 signal=single_patch pos=none seed=0
best=0.5146 block=mamba task=horizontal scan=anti_diag grid=32 signal=single_patch pos=none seed=1
best=0.5225 block=mamba task=horizontal scan=anti_diag grid=32 signal=single_patch pos=none seed=2
best=0.5107 block=mamba task=horizontal scan=anti_diag grid=32 signal=single_patch pos=xy_learned seed=0
best=0.5166 block=mamba task=horizontal scan=anti_diag grid=32 signal=single_patch pos=xy_learned seed=1
best=0.4941 block=mamba task=horizontal scan=anti_diag grid=32 signal=single_patch pos=xy_learned seed=2
best=0.5576 block=mamba task=horizontal scan=anti_diag grid=32 signal=single_pixel pos=none seed=0
best=0.5137 block=mamba task=horizontal scan=anti_diag grid=32 signal=single_pixel pos=none seed=1
best=0.5225 block=mamba task=horizontal scan=anti_diag grid=32 signal=single_pixel pos=none seed=2
best=0.5322 block=mamba task=horizontal scan=anti_diag grid=32 signal=single_pixel pos=xy_learned seed=0
best=0.5146 block=mamba task=horizontal scan=anti_diag grid=32 signal=single_pixel pos=xy_learned seed=1
best=0.5342 block=mamba task=horizontal scan=anti_diag grid=32 signal=single_pixel pos=xy_learned seed=2
best=1.0000 block=mamba task=diagonal scan=row grid=8 signal=single_patch pos=none seed=0
best=1.0000 block=mamba task=diagonal scan=row grid=8 signal=single_patch pos=none seed=1
best=1.0000 block=mamba task=diagonal scan=row grid=8 signal=single_patch pos=none seed=2
best=1.0000 block=mamba task=diagonal scan=row grid=8 signal=single_patch pos=xy_learned seed=0
best=1.0000 block=mamba task=diagonal scan=row grid=8 signal=single_patch pos=xy_learned seed=1
best=1.0000 block=mamba task=diagonal scan=row grid=8 signal=single_patch pos=xy_learned seed=2
best=0.5273 block=mamba task=diagonal scan=row grid=8 signal=single_pixel pos=none seed=0
best=0.5039 block=mamba task=diagonal scan=row grid=8 signal=single_pixel pos=none seed=1
best=0.5303 block=mamba task=diagonal scan=row grid=8 signal=single_pixel pos=none seed=2
best=0.5508 block=mamba task=diagonal scan=row grid=8 signal=single_pixel pos=xy_learned seed=0
best=0.4980 block=mamba task=diagonal scan=row grid=8 signal=single_pixel pos=xy_learned seed=1
best=0.5068 block=mamba task=diagonal scan=row grid=8 signal=single_pixel pos=xy_learned seed=2
best=0.5166 block=mamba task=diagonal scan=row grid=16 signal=single_patch pos=none seed=0
best=0.5264 block=mamba task=diagonal scan=row grid=16 signal=single_patch pos=none seed=1
best=0.5264 block=mamba task=diagonal scan=row grid=16 signal=single_patch pos=none seed=2
best=0.5059 block=mamba task=diagonal scan=row grid=16 signal=single_patch pos=xy_learned seed=0
best=0.5254 block=mamba task=diagonal scan=row grid=16 signal=single_patch pos=xy_learned seed=1
best=0.5322 block=mamba task=diagonal scan=row grid=16 signal=single_patch pos=xy_learned seed=2
best=0.5234 block=mamba task=diagonal scan=row grid=16 signal=single_pixel pos=none seed=0
best=0.5166 block=mamba task=diagonal scan=row grid=16 signal=single_pixel pos=none seed=1
best=0.5205 block=mamba task=diagonal scan=row grid=16 signal=single_pixel pos=none seed=2
best=0.5098 block=mamba task=diagonal scan=row grid=16 signal=single_pixel pos=xy_learned seed=0
best=0.5127 block=mamba task=diagonal scan=row grid=16 signal=single_pixel pos=xy_learned seed=1
best=0.5127 block=mamba task=diagonal scan=row grid=16 signal=single_pixel pos=xy_learned seed=2
best=0.5234 block=mamba task=diagonal scan=row grid=24 signal=single_patch pos=none seed=0
best=0.5068 block=mamba task=diagonal scan=row grid=24 signal=single_patch pos=none seed=1
best=0.5059 block=mamba task=diagonal scan=row grid=24 signal=single_patch pos=none seed=2
best=0.5225 block=mamba task=diagonal scan=row grid=24 signal=single_patch pos=xy_learned seed=0
best=0.5049 block=mamba task=diagonal scan=row grid=24 signal=single_patch pos=xy_learned seed=1
best=0.5059 block=mamba task=diagonal scan=row grid=24 signal=single_patch pos=xy_learned seed=2
best=0.5215 block=mamba task=diagonal scan=row grid=24 signal=single_pixel pos=none seed=0
best=0.5068 block=mamba task=diagonal scan=row grid=24 signal=single_pixel pos=none seed=1
best=0.5156 block=mamba task=diagonal scan=row grid=24 signal=single_pixel pos=none seed=2
best=0.5137 block=mamba task=diagonal scan=row grid=24 signal=single_pixel pos=xy_learned seed=0
best=0.5322 block=mamba task=diagonal scan=row grid=24 signal=single_pixel pos=xy_learned seed=1
best=0.5059 block=mamba task=diagonal scan=row grid=24 signal=single_pixel pos=xy_learned seed=2
best=0.5010 block=mamba task=diagonal scan=row grid=32 signal=single_patch pos=none seed=0
best=0.5146 block=mamba task=diagonal scan=row grid=32 signal=single_patch pos=none seed=1
best=0.5000 block=mamba task=diagonal scan=row grid=32 signal=single_patch pos=none seed=2
best=0.5029 block=mamba task=diagonal scan=row grid=32 signal=single_patch pos=xy_learned seed=0
best=0.5234 block=mamba task=diagonal scan=row grid=32 signal=single_patch pos=xy_learned seed=1
best=0.5186 block=mamba task=diagonal scan=row grid=32 signal=single_patch pos=xy_learned seed=2
best=0.5049 block=mamba task=diagonal scan=row grid=32 signal=single_pixel pos=none seed=0
best=0.5264 block=mamba task=diagonal scan=row grid=32 signal=single_pixel pos=none seed=1
best=0.4990 block=mamba task=diagonal scan=row grid=32 signal=single_pixel pos=none seed=2
best=0.4961 block=mamba task=diagonal scan=row grid=32 signal=single_pixel pos=xy_learned seed=0
best=0.5117 block=mamba task=diagonal scan=row grid=32 signal=single_pixel pos=xy_learned seed=1
best=0.5010 block=mamba task=diagonal scan=row grid=32 signal=single_pixel pos=xy_learned seed=2
best=1.0000 block=mamba task=diagonal scan=col grid=8 signal=single_patch pos=none seed=0
best=1.0000 block=mamba task=diagonal scan=col grid=8 signal=single_patch pos=none seed=1
best=0.9258 block=mamba task=diagonal scan=col grid=8 signal=single_patch pos=none seed=2
best=1.0000 block=mamba task=diagonal scan=col grid=8 signal=single_patch pos=xy_learned seed=0
best=1.0000 block=mamba task=diagonal scan=col grid=8 signal=single_patch pos=xy_learned seed=1
best=1.0000 block=mamba task=diagonal scan=col grid=8 signal=single_patch pos=xy_learned seed=2
best=0.5186 block=mamba task=diagonal scan=col grid=8 signal=single_pixel pos=none seed=0
best=0.5049 block=mamba task=diagonal scan=col grid=8 signal=single_pixel pos=none seed=1
best=0.5215 block=mamba task=diagonal scan=col grid=8 signal=single_pixel pos=none seed=2
best=0.5527 block=mamba task=diagonal scan=col grid=8 signal=single_pixel pos=xy_learned seed=0
best=0.4971 block=mamba task=diagonal scan=col grid=8 signal=single_pixel pos=xy_learned seed=1
best=0.5234 block=mamba task=diagonal scan=col grid=8 signal=single_pixel pos=xy_learned seed=2
best=0.5039 block=mamba task=diagonal scan=col grid=16 signal=single_patch pos=none seed=0
best=0.5244 block=mamba task=diagonal scan=col grid=16 signal=single_patch pos=none seed=1
best=0.5215 block=mamba task=diagonal scan=col grid=16 signal=single_patch pos=none seed=2
best=0.5127 block=mamba task=diagonal scan=col grid=16 signal=single_patch pos=xy_learned seed=0
best=0.4961 block=mamba task=diagonal scan=col grid=16 signal=single_patch pos=xy_learned seed=1
best=0.5361 block=mamba task=diagonal scan=col grid=16 signal=single_patch pos=xy_learned seed=2
best=0.5146 block=mamba task=diagonal scan=col grid=16 signal=single_pixel pos=none seed=0
best=0.5088 block=mamba task=diagonal scan=col grid=16 signal=single_pixel pos=none seed=1
best=0.5117 block=mamba task=diagonal scan=col grid=16 signal=single_pixel pos=none seed=2
best=0.5186 block=mamba task=diagonal scan=col grid=16 signal=single_pixel pos=xy_learned seed=0
best=0.4941 block=mamba task=diagonal scan=col grid=16 signal=single_pixel pos=xy_learned seed=1
best=0.5186 block=mamba task=diagonal scan=col grid=16 signal=single_pixel pos=xy_learned seed=2
best=0.5449 block=mamba task=diagonal scan=col grid=24 signal=single_patch pos=none seed=0
best=0.5068 block=mamba task=diagonal scan=col grid=24 signal=single_patch pos=none seed=1
best=0.5059 block=mamba task=diagonal scan=col grid=24 signal=single_patch pos=none seed=2
best=0.5293 block=mamba task=diagonal scan=col grid=24 signal=single_patch pos=xy_learned seed=0
best=0.5146 block=mamba task=diagonal scan=col grid=24 signal=single_patch pos=xy_learned seed=1
best=0.5059 block=mamba task=diagonal scan=col grid=24 signal=single_patch pos=xy_learned seed=2
best=0.5186 block=mamba task=diagonal scan=col grid=24 signal=single_pixel pos=none seed=0
best=0.5176 block=mamba task=diagonal scan=col grid=24 signal=single_pixel pos=none seed=1
best=0.5107 block=mamba task=diagonal scan=col grid=24 signal=single_pixel pos=none seed=2
best=0.5176 block=mamba task=diagonal scan=col grid=24 signal=single_pixel pos=xy_learned seed=0
best=0.5039 block=mamba task=diagonal scan=col grid=24 signal=single_pixel pos=xy_learned seed=1
best=0.4990 block=mamba task=diagonal scan=col grid=24 signal=single_pixel pos=xy_learned seed=2
best=0.5068 block=mamba task=diagonal scan=col grid=32 signal=single_patch pos=none seed=0
best=0.5244 block=mamba task=diagonal scan=col grid=32 signal=single_patch pos=none seed=1
best=0.5146 block=mamba task=diagonal scan=col grid=32 signal=single_patch pos=none seed=2
best=0.5166 block=mamba task=diagonal scan=col grid=32 signal=single_patch pos=xy_learned seed=0
best=0.5078 block=mamba task=diagonal scan=col grid=32 signal=single_patch pos=xy_learned seed=1
best=0.5000 block=mamba task=diagonal scan=col grid=32 signal=single_patch pos=xy_learned seed=2
best=0.5039 block=mamba task=diagonal scan=col grid=32 signal=single_pixel pos=none seed=0
best=0.5146 block=mamba task=diagonal scan=col grid=32 signal=single_pixel pos=none seed=1
best=0.4971 block=mamba task=diagonal scan=col grid=32 signal=single_pixel pos=none seed=2
best=0.5107 block=mamba task=diagonal scan=col grid=32 signal=single_pixel pos=xy_learned seed=0
best=0.5205 block=mamba task=diagonal scan=col grid=32 signal=single_pixel pos=xy_learned seed=1
best=0.5039 block=mamba task=diagonal scan=col grid=32 signal=single_pixel pos=xy_learned seed=2
best=0.6299 block=mamba task=diagonal scan=diag grid=8 signal=single_patch pos=none seed=0
best=1.0000 block=mamba task=diagonal scan=diag grid=8 signal=single_patch pos=none seed=1
best=0.9893 block=mamba task=diagonal scan=diag grid=8 signal=single_patch pos=none seed=2
best=1.0000 block=mamba task=diagonal scan=diag grid=8 signal=single_patch pos=xy_learned seed=0
best=0.5684 block=mamba task=diagonal scan=diag grid=8 signal=single_patch pos=xy_learned seed=1
best=1.0000 block=mamba task=diagonal scan=diag grid=8 signal=single_patch pos=xy_learned seed=2
best=0.5352 block=mamba task=diagonal scan=diag grid=8 signal=single_pixel pos=none seed=0
best=0.5137 block=mamba task=diagonal scan=diag grid=8 signal=single_pixel pos=none seed=1
best=0.5137 block=mamba task=diagonal scan=diag grid=8 signal=single_pixel pos=none seed=2
best=0.5264 block=mamba task=diagonal scan=diag grid=8 signal=single_pixel pos=xy_learned seed=0
best=0.4990 block=mamba task=diagonal scan=diag grid=8 signal=single_pixel pos=xy_learned seed=1
best=0.5156 block=mamba task=diagonal scan=diag grid=8 signal=single_pixel pos=xy_learned seed=2
best=0.5195 block=mamba task=diagonal scan=diag grid=16 signal=single_patch pos=none seed=0
best=0.5205 block=mamba task=diagonal scan=diag grid=16 signal=single_patch pos=none seed=1
best=0.5186 block=mamba task=diagonal scan=diag grid=16 signal=single_patch pos=none seed=2
best=0.5156 block=mamba task=diagonal scan=diag grid=16 signal=single_patch pos=xy_learned seed=0
best=0.5000 block=mamba task=diagonal scan=diag grid=16 signal=single_patch pos=xy_learned seed=1
best=0.5186 block=mamba task=diagonal scan=diag grid=16 signal=single_patch pos=xy_learned seed=2
best=0.5244 block=mamba task=diagonal scan=diag grid=16 signal=single_pixel pos=none seed=0
best=0.5020 block=mamba task=diagonal scan=diag grid=16 signal=single_pixel pos=none seed=1
best=0.5430 block=mamba task=diagonal scan=diag grid=16 signal=single_pixel pos=none seed=2
best=0.5225 block=mamba task=diagonal scan=diag grid=16 signal=single_pixel pos=xy_learned seed=0
best=0.4932 block=mamba task=diagonal scan=diag grid=16 signal=single_pixel pos=xy_learned seed=1
best=0.5215 block=mamba task=diagonal scan=diag grid=16 signal=single_pixel pos=xy_learned seed=2
best=0.5039 block=mamba task=diagonal scan=diag grid=24 signal=single_patch pos=none seed=0
best=0.5088 block=mamba task=diagonal scan=diag grid=24 signal=single_patch pos=none seed=1
best=0.5059 block=mamba task=diagonal scan=diag grid=24 signal=single_patch pos=none seed=2
best=0.5205 block=mamba task=diagonal scan=diag grid=24 signal=single_patch pos=xy_learned seed=0
best=0.5186 block=mamba task=diagonal scan=diag grid=24 signal=single_patch pos=xy_learned seed=1
best=0.5078 block=mamba task=diagonal scan=diag grid=24 signal=single_patch pos=xy_learned seed=2
best=0.5078 block=mamba task=diagonal scan=diag grid=24 signal=single_pixel pos=none seed=0
best=0.5059 block=mamba task=diagonal scan=diag grid=24 signal=single_pixel pos=none seed=1
best=0.5156 block=mamba task=diagonal scan=diag grid=24 signal=single_pixel pos=none seed=2
best=0.5234 block=mamba task=diagonal scan=diag grid=24 signal=single_pixel pos=xy_learned seed=0
best=0.5322 block=mamba task=diagonal scan=diag grid=24 signal=single_pixel pos=xy_learned seed=1
best=0.4971 block=mamba task=diagonal scan=diag grid=24 signal=single_pixel pos=xy_learned seed=2
best=0.4961 block=mamba task=diagonal scan=diag grid=32 signal=single_patch pos=none seed=0
best=0.5195 block=mamba task=diagonal scan=diag grid=32 signal=single_patch pos=none seed=1
best=0.5205 block=mamba task=diagonal scan=diag grid=32 signal=single_patch pos=none seed=2
best=0.5029 block=mamba task=diagonal scan=diag grid=32 signal=single_patch pos=xy_learned seed=0
best=0.5400 block=mamba task=diagonal scan=diag grid=32 signal=single_patch pos=xy_learned seed=1
best=0.5371 block=mamba task=diagonal scan=diag grid=32 signal=single_patch pos=xy_learned seed=2
best=0.4727 block=mamba task=diagonal scan=diag grid=32 signal=single_pixel pos=none seed=0
best=0.5205 block=mamba task=diagonal scan=diag grid=32 signal=single_pixel pos=none seed=1
best=0.4941 block=mamba task=diagonal scan=diag grid=32 signal=single_pixel pos=none seed=2
best=0.4795 block=mamba task=diagonal scan=diag grid=32 signal=single_pixel pos=xy_learned seed=0
best=0.5283 block=mamba task=diagonal scan=diag grid=32 signal=single_pixel pos=xy_learned seed=1
best=0.5059 block=mamba task=diagonal scan=diag grid=32 signal=single_pixel pos=xy_learned seed=2
best=1.0000 block=mamba task=diagonal scan=anti_diag grid=8 signal=single_patch pos=none seed=0
best=1.0000 block=mamba task=diagonal scan=anti_diag grid=8 signal=single_patch pos=none seed=1
best=1.0000 block=mamba task=diagonal scan=anti_diag grid=8 signal=single_patch pos=none seed=2
best=1.0000 block=mamba task=diagonal scan=anti_diag grid=8 signal=single_patch pos=xy_learned seed=0
best=1.0000 block=mamba task=diagonal scan=anti_diag grid=8 signal=single_patch pos=xy_learned seed=1
best=1.0000 block=mamba task=diagonal scan=anti_diag grid=8 signal=single_patch pos=xy_learned seed=2
best=0.6445 block=mamba task=diagonal scan=anti_diag grid=8 signal=single_pixel pos=none seed=0
best=0.6855 block=mamba task=diagonal scan=anti_diag grid=8 signal=single_pixel pos=none seed=1
best=0.6338 block=mamba task=diagonal scan=anti_diag grid=8 signal=single_pixel pos=none seed=2
best=0.7695 block=mamba task=diagonal scan=anti_diag grid=8 signal=single_pixel pos=xy_learned seed=0
best=0.7285 block=mamba task=diagonal scan=anti_diag grid=8 signal=single_pixel pos=xy_learned seed=1
best=0.6846 block=mamba task=diagonal scan=anti_diag grid=8 signal=single_pixel pos=xy_learned seed=2
best=1.0000 block=mamba task=diagonal scan=anti_diag grid=16 signal=single_patch pos=none seed=0
best=1.0000 block=mamba task=diagonal scan=anti_diag grid=16 signal=single_patch pos=none seed=1
best=1.0000 block=mamba task=diagonal scan=anti_diag grid=16 signal=single_patch pos=none seed=2
best=1.0000 block=mamba task=diagonal scan=anti_diag grid=16 signal=single_patch pos=xy_learned seed=0
best=1.0000 block=mamba task=diagonal scan=anti_diag grid=16 signal=single_patch pos=xy_learned seed=1
best=1.0000 block=mamba task=diagonal scan=anti_diag grid=16 signal=single_patch pos=xy_learned seed=2
best=0.5293 block=mamba task=diagonal scan=anti_diag grid=16 signal=single_pixel pos=none seed=0
best=0.5410 block=mamba task=diagonal scan=anti_diag grid=16 signal=single_pixel pos=none seed=1
best=0.5156 block=mamba task=diagonal scan=anti_diag grid=16 signal=single_pixel pos=none seed=2
best=0.5361 block=mamba task=diagonal scan=anti_diag grid=16 signal=single_pixel pos=xy_learned seed=0
best=0.5410 block=mamba task=diagonal scan=anti_diag grid=16 signal=single_pixel pos=xy_learned seed=1
best=0.5293 block=mamba task=diagonal scan=anti_diag grid=16 signal=single_pixel pos=xy_learned seed=2
best=1.0000 block=mamba task=diagonal scan=anti_diag grid=24 signal=single_patch pos=none seed=0
best=0.9990 block=mamba task=diagonal scan=anti_diag grid=24 signal=single_patch pos=none seed=1
best=1.0000 block=mamba task=diagonal scan=anti_diag grid=24 signal=single_patch pos=none seed=2
best=1.0000 block=mamba task=diagonal scan=anti_diag grid=24 signal=single_patch pos=xy_learned seed=0
best=1.0000 block=mamba task=diagonal scan=anti_diag grid=24 signal=single_patch pos=xy_learned seed=1
best=1.0000 block=mamba task=diagonal scan=anti_diag grid=24 signal=single_patch pos=xy_learned seed=2
best=0.5234 block=mamba task=diagonal scan=anti_diag grid=24 signal=single_pixel pos=none seed=0
best=0.5020 block=mamba task=diagonal scan=anti_diag grid=24 signal=single_pixel pos=none seed=1
best=0.5186 block=mamba task=diagonal scan=anti_diag grid=24 signal=single_pixel pos=none seed=2
best=0.5156 block=mamba task=diagonal scan=anti_diag grid=24 signal=single_pixel pos=xy_learned seed=0
best=0.5186 block=mamba task=diagonal scan=anti_diag grid=24 signal=single_pixel pos=xy_learned seed=1
best=0.5293 block=mamba task=diagonal scan=anti_diag grid=24 signal=single_pixel pos=xy_learned seed=2
best=1.0000 block=mamba task=diagonal scan=anti_diag grid=32 signal=single_patch pos=none seed=0
best=1.0000 block=mamba task=diagonal scan=anti_diag grid=32 signal=single_patch pos=none seed=1
best=1.0000 block=mamba task=diagonal scan=anti_diag grid=32 signal=single_patch pos=none seed=2
best=1.0000 block=mamba task=diagonal scan=anti_diag grid=32 signal=single_patch pos=xy_learned seed=0
best=1.0000 block=mamba task=diagonal scan=anti_diag grid=32 signal=single_patch pos=xy_learned seed=1
best=1.0000 block=mamba task=diagonal scan=anti_diag grid=32 signal=single_patch pos=xy_learned seed=2
best=0.5049 block=mamba task=diagonal scan=anti_diag grid=32 signal=single_pixel pos=none seed=0
best=0.5254 block=mamba task=diagonal scan=anti_diag grid=32 signal=single_pixel pos=none seed=1
best=0.5059 block=mamba task=diagonal scan=anti_diag grid=32 signal=single_pixel pos=none seed=2
best=0.4863 block=mamba task=diagonal scan=anti_diag grid=32 signal=single_pixel pos=xy_learned seed=0
best=0.5391 block=mamba task=diagonal scan=anti_diag grid=32 signal=single_pixel pos=xy_learned seed=1
best=0.5273 block=mamba task=diagonal scan=anti_diag grid=32 signal=single_pixel pos=xy_learned seed=2
saved results: mamba_scan_study/outputs/stage1_gap_sweep/mamba_full/results.csv
saved summary: mamba_scan_study/outputs/stage1_gap_sweep/mamba_full/summary.csv
saved json   : mamba_scan_study/outputs/stage1_gap_sweep/mamba_full/results.json
