device=cuda HAS_MAMBA=True outdir=mamba_scan_study/outputs/stage1_gap_sweep/gru_full
/home/tuling/miniconda3/envs/mair/lib/python3.10/site-packages/torch/nn/modules/conv.py:459: UserWarning: Applied workaround for CuDNN issue, install nvrtc.so (Triggered internally at ../aten/src/ATen/native/cudnn/Conv_v8.cpp:80.)
  return F.conv2d(input, weight, bias, self.stride,
best=0.5166 block=gru task=vertical scan=row grid=8 signal=single_patch pos=none seed=0
best=0.5186 block=gru task=vertical scan=row grid=8 signal=single_patch pos=none seed=1
best=0.5205 block=gru task=vertical scan=row grid=8 signal=single_patch pos=none seed=2
best=0.5098 block=gru task=vertical scan=row grid=8 signal=single_patch pos=xy_learned seed=0
best=0.5176 block=gru task=vertical scan=row grid=8 signal=single_patch pos=xy_learned seed=1
best=0.5166 block=gru task=vertical scan=row grid=8 signal=single_patch pos=xy_learned seed=2
best=0.5254 block=gru task=vertical scan=row grid=8 signal=single_pixel pos=none seed=0
best=0.5322 block=gru task=vertical scan=row grid=8 signal=single_pixel pos=none seed=1
best=0.5264 block=gru task=vertical scan=row grid=8 signal=single_pixel pos=none seed=2
best=0.5098 block=gru task=vertical scan=row grid=8 signal=single_pixel pos=xy_learned seed=0
best=0.5254 block=gru task=vertical scan=row grid=8 signal=single_pixel pos=xy_learned seed=1
best=0.5342 block=gru task=vertical scan=row grid=8 signal=single_pixel pos=xy_learned seed=2
best=0.4883 block=gru task=vertical scan=row grid=16 signal=single_patch pos=none seed=0
best=0.5098 block=gru task=vertical scan=row grid=16 signal=single_patch pos=none seed=1
best=0.5244 block=gru task=vertical scan=row grid=16 signal=single_patch pos=none seed=2
best=0.5000 block=gru task=vertical scan=row grid=16 signal=single_patch pos=xy_learned seed=0
best=0.5049 block=gru task=vertical scan=row grid=16 signal=single_patch pos=xy_learned seed=1
best=0.5273 block=gru task=vertical scan=row grid=16 signal=single_patch pos=xy_learned seed=2
best=0.5186 block=gru task=vertical scan=row grid=16 signal=single_pixel pos=none seed=0
best=0.5039 block=gru task=vertical scan=row grid=16 signal=single_pixel pos=none seed=1
best=0.5176 block=gru task=vertical scan=row grid=16 signal=single_pixel pos=none seed=2
best=0.5068 block=gru task=vertical scan=row grid=16 signal=single_pixel pos=xy_learned seed=0
best=0.5039 block=gru task=vertical scan=row grid=16 signal=single_pixel pos=xy_learned seed=1
best=0.5088 block=gru task=vertical scan=row grid=16 signal=single_pixel pos=xy_learned seed=2
best=0.5020 block=gru task=vertical scan=row grid=24 signal=single_patch pos=none seed=0
best=0.5049 block=gru task=vertical scan=row grid=24 signal=single_patch pos=none seed=1
best=0.5049 block=gru task=vertical scan=row grid=24 signal=single_patch pos=none seed=2
best=0.5029 block=gru task=vertical scan=row grid=24 signal=single_patch pos=xy_learned seed=0
best=0.5186 block=gru task=vertical scan=row grid=24 signal=single_patch pos=xy_learned seed=1
best=0.5049 block=gru task=vertical scan=row grid=24 signal=single_patch pos=xy_learned seed=2
best=0.5186 block=gru task=vertical scan=row grid=24 signal=single_pixel pos=none seed=0
best=0.5010 block=gru task=vertical scan=row grid=24 signal=single_pixel pos=none seed=1
best=0.4902 block=gru task=vertical scan=row grid=24 signal=single_pixel pos=none seed=2
best=0.4922 block=gru task=vertical scan=row grid=24 signal=single_pixel pos=xy_learned seed=0
best=0.5098 block=gru task=vertical scan=row grid=24 signal=single_pixel pos=xy_learned seed=1
best=0.5049 block=gru task=vertical scan=row grid=24 signal=single_pixel pos=xy_learned seed=2
best=0.5039 block=gru task=vertical scan=row grid=32 signal=single_patch pos=none seed=0
best=0.5205 block=gru task=vertical scan=row grid=32 signal=single_patch pos=none seed=1
best=0.5293 block=gru task=vertical scan=row grid=32 signal=single_patch pos=none seed=2
best=0.5098 block=gru task=vertical scan=row grid=32 signal=single_patch pos=xy_learned seed=0
best=0.5195 block=gru task=vertical scan=row grid=32 signal=single_patch pos=xy_learned seed=1
best=0.4990 block=gru task=vertical scan=row grid=32 signal=single_patch pos=xy_learned seed=2
best=0.4980 block=gru task=vertical scan=row grid=32 signal=single_pixel pos=none seed=0
best=0.5127 block=gru task=vertical scan=row grid=32 signal=single_pixel pos=none seed=1
best=0.5146 block=gru task=vertical scan=row grid=32 signal=single_pixel pos=none seed=2
best=0.4863 block=gru task=vertical scan=row grid=32 signal=single_pixel pos=xy_learned seed=0
best=0.5059 block=gru task=vertical scan=row grid=32 signal=single_pixel pos=xy_learned seed=1
best=0.5156 block=gru task=vertical scan=row grid=32 signal=single_pixel pos=xy_learned seed=2
best=1.0000 block=gru task=vertical scan=col grid=8 signal=single_patch pos=none seed=0
best=1.0000 block=gru task=vertical scan=col grid=8 signal=single_patch pos=none seed=1
best=1.0000 block=gru task=vertical scan=col grid=8 signal=single_patch pos=none seed=2
best=1.0000 block=gru task=vertical scan=col grid=8 signal=single_patch pos=xy_learned seed=0
best=1.0000 block=gru task=vertical scan=col grid=8 signal=single_patch pos=xy_learned seed=1
best=1.0000 block=gru task=vertical scan=col grid=8 signal=single_patch pos=xy_learned seed=2
best=0.7588 block=gru task=vertical scan=col grid=8 signal=single_pixel pos=none seed=0
best=0.7822 block=gru task=vertical scan=col grid=8 signal=single_pixel pos=none seed=1
best=0.7832 block=gru task=vertical scan=col grid=8 signal=single_pixel pos=none seed=2
best=0.9717 block=gru task=vertical scan=col grid=8 signal=single_pixel pos=xy_learned seed=0
best=0.9668 block=gru task=vertical scan=col grid=8 signal=single_pixel pos=xy_learned seed=1
best=0.9707 block=gru task=vertical scan=col grid=8 signal=single_pixel pos=xy_learned seed=2
best=1.0000 block=gru task=vertical scan=col grid=16 signal=single_patch pos=none seed=0
best=1.0000 block=gru task=vertical scan=col grid=16 signal=single_patch pos=none seed=1
best=1.0000 block=gru task=vertical scan=col grid=16 signal=single_patch pos=none seed=2
best=1.0000 block=gru task=vertical scan=col grid=16 signal=single_patch pos=xy_learned seed=0
best=1.0000 block=gru task=vertical scan=col grid=16 signal=single_patch pos=xy_learned seed=1
best=1.0000 block=gru task=vertical scan=col grid=16 signal=single_patch pos=xy_learned seed=2
best=0.5156 block=gru task=vertical scan=col grid=16 signal=single_pixel pos=none seed=0
best=0.4824 block=gru task=vertical scan=col grid=16 signal=single_pixel pos=none seed=1
best=0.5303 block=gru task=vertical scan=col grid=16 signal=single_pixel pos=none seed=2
best=0.5059 block=gru task=vertical scan=col grid=16 signal=single_pixel pos=xy_learned seed=0
best=0.4922 block=gru task=vertical scan=col grid=16 signal=single_pixel pos=xy_learned seed=1
best=0.5127 block=gru task=vertical scan=col grid=16 signal=single_pixel pos=xy_learned seed=2
best=0.5049 block=gru task=vertical scan=col grid=24 signal=single_patch pos=none seed=0
best=0.5049 block=gru task=vertical scan=col grid=24 signal=single_patch pos=none seed=1
best=0.5068 block=gru task=vertical scan=col grid=24 signal=single_patch pos=none seed=2
best=0.9580 block=gru task=vertical scan=col grid=24 signal=single_patch pos=xy_learned seed=0
best=0.5049 block=gru task=vertical scan=col grid=24 signal=single_patch pos=xy_learned seed=1
best=0.5029 block=gru task=vertical scan=col grid=24 signal=single_patch pos=xy_learned seed=2
best=0.4990 block=gru task=vertical scan=col grid=24 signal=single_pixel pos=none seed=0
best=0.5215 block=gru task=vertical scan=col grid=24 signal=single_pixel pos=none seed=1
best=0.4961 block=gru task=vertical scan=col grid=24 signal=single_pixel pos=none seed=2
best=0.4990 block=gru task=vertical scan=col grid=24 signal=single_pixel pos=xy_learned seed=0
best=0.4971 block=gru task=vertical scan=col grid=24 signal=single_pixel pos=xy_learned seed=1
best=0.4990 block=gru task=vertical scan=col grid=24 signal=single_pixel pos=xy_learned seed=2
best=0.5303 block=gru task=vertical scan=col grid=32 signal=single_patch pos=none seed=0
best=0.5205 block=gru task=vertical scan=col grid=32 signal=single_patch pos=none seed=1
best=0.5195 block=gru task=vertical scan=col grid=32 signal=single_patch pos=none seed=2
best=0.4883 block=gru task=vertical scan=col grid=32 signal=single_patch pos=xy_learned seed=0
best=0.5215 block=gru task=vertical scan=col grid=32 signal=single_patch pos=xy_learned seed=1
best=0.5010 block=gru task=vertical scan=col grid=32 signal=single_patch pos=xy_learned seed=2
best=0.5186 block=gru task=vertical scan=col grid=32 signal=single_pixel pos=none seed=0
best=0.5156 block=gru task=vertical scan=col grid=32 signal=single_pixel pos=none seed=1
best=0.5156 block=gru task=vertical scan=col grid=32 signal=single_pixel pos=none seed=2
best=0.5039 block=gru task=vertical scan=col grid=32 signal=single_pixel pos=xy_learned seed=0
best=0.5078 block=gru task=vertical scan=col grid=32 signal=single_pixel pos=xy_learned seed=1
best=0.5020 block=gru task=vertical scan=col grid=32 signal=single_pixel pos=xy_learned seed=2
best=0.5254 block=gru task=vertical scan=diag grid=8 signal=single_patch pos=none seed=0
best=0.5244 block=gru task=vertical scan=diag grid=8 signal=single_patch pos=none seed=1
best=0.5098 block=gru task=vertical scan=diag grid=8 signal=single_patch pos=none seed=2
best=0.5137 block=gru task=vertical scan=diag grid=8 signal=single_patch pos=xy_learned seed=0
best=0.5234 block=gru task=vertical scan=diag grid=8 signal=single_patch pos=xy_learned seed=1
best=0.5146 block=gru task=vertical scan=diag grid=8 signal=single_patch pos=xy_learned seed=2
best=0.5312 block=gru task=vertical scan=diag grid=8 signal=single_pixel pos=none seed=0
best=0.5234 block=gru task=vertical scan=diag grid=8 signal=single_pixel pos=none seed=1
best=0.5244 block=gru task=vertical scan=diag grid=8 signal=single_pixel pos=none seed=2
best=0.5156 block=gru task=vertical scan=diag grid=8 signal=single_pixel pos=xy_learned seed=0
best=0.5332 block=gru task=vertical scan=diag grid=8 signal=single_pixel pos=xy_learned seed=1
best=0.5176 block=gru task=vertical scan=diag grid=8 signal=single_pixel pos=xy_learned seed=2
best=0.5205 block=gru task=vertical scan=diag grid=16 signal=single_patch pos=none seed=0
best=0.5156 block=gru task=vertical scan=diag grid=16 signal=single_patch pos=none seed=1
best=0.5361 block=gru task=vertical scan=diag grid=16 signal=single_patch pos=none seed=2
best=0.5117 block=gru task=vertical scan=diag grid=16 signal=single_patch pos=xy_learned seed=0
best=0.5039 block=gru task=vertical scan=diag grid=16 signal=single_patch pos=xy_learned seed=1
best=0.5391 block=gru task=vertical scan=diag grid=16 signal=single_patch pos=xy_learned seed=2
best=0.5117 block=gru task=vertical scan=diag grid=16 signal=single_pixel pos=none seed=0
best=0.4941 block=gru task=vertical scan=diag grid=16 signal=single_pixel pos=none seed=1
best=0.5430 block=gru task=vertical scan=diag grid=16 signal=single_pixel pos=none seed=2
best=0.5264 block=gru task=vertical scan=diag grid=16 signal=single_pixel pos=xy_learned seed=0
best=0.4902 block=gru task=vertical scan=diag grid=16 signal=single_pixel pos=xy_learned seed=1
best=0.5244 block=gru task=vertical scan=diag grid=16 signal=single_pixel pos=xy_learned seed=2
best=0.5098 block=gru task=vertical scan=diag grid=24 signal=single_patch pos=none seed=0
best=0.5273 block=gru task=vertical scan=diag grid=24 signal=single_patch pos=none seed=1
best=0.5156 block=gru task=vertical scan=diag grid=24 signal=single_patch pos=none seed=2
best=0.5186 block=gru task=vertical scan=diag grid=24 signal=single_patch pos=xy_learned seed=0
best=0.5254 block=gru task=vertical scan=diag grid=24 signal=single_patch pos=xy_learned seed=1
best=0.5166 block=gru task=vertical scan=diag grid=24 signal=single_patch pos=xy_learned seed=2
best=0.5049 block=gru task=vertical scan=diag grid=24 signal=single_pixel pos=none seed=0
best=0.5244 block=gru task=vertical scan=diag grid=24 signal=single_pixel pos=none seed=1
best=0.5137 block=gru task=vertical scan=diag grid=24 signal=single_pixel pos=none seed=2
best=0.5049 block=gru task=vertical scan=diag grid=24 signal=single_pixel pos=xy_learned seed=0
best=0.5205 block=gru task=vertical scan=diag grid=24 signal=single_pixel pos=xy_learned seed=1
best=0.4990 block=gru task=vertical scan=diag grid=24 signal=single_pixel pos=xy_learned seed=2
best=0.5322 block=gru task=vertical scan=diag grid=32 signal=single_patch pos=none seed=0
best=0.5195 block=gru task=vertical scan=diag grid=32 signal=single_patch pos=none seed=1
best=0.5205 block=gru task=vertical scan=diag grid=32 signal=single_patch pos=none seed=2
best=0.5215 block=gru task=vertical scan=diag grid=32 signal=single_patch pos=xy_learned seed=0
best=0.5176 block=gru task=vertical scan=diag grid=32 signal=single_patch pos=xy_learned seed=1
best=0.5234 block=gru task=vertical scan=diag grid=32 signal=single_patch pos=xy_learned seed=2
best=0.5010 block=gru task=vertical scan=diag grid=32 signal=single_pixel pos=none seed=0
best=0.5117 block=gru task=vertical scan=diag grid=32 signal=single_pixel pos=none seed=1
best=0.5078 block=gru task=vertical scan=diag grid=32 signal=single_pixel pos=none seed=2
best=0.5107 block=gru task=vertical scan=diag grid=32 signal=single_pixel pos=xy_learned seed=0
best=0.5127 block=gru task=vertical scan=diag grid=32 signal=single_pixel pos=xy_learned seed=1
best=0.5166 block=gru task=vertical scan=diag grid=32 signal=single_pixel pos=xy_learned seed=2
best=0.5225 block=gru task=vertical scan=anti_diag grid=8 signal=single_patch pos=none seed=0
best=0.5244 block=gru task=vertical scan=anti_diag grid=8 signal=single_patch pos=none seed=1
best=0.5127 block=gru task=vertical scan=anti_diag grid=8 signal=single_patch pos=none seed=2
best=0.5127 block=gru task=vertical scan=anti_diag grid=8 signal=single_patch pos=xy_learned seed=0
best=0.5127 block=gru task=vertical scan=anti_diag grid=8 signal=single_patch pos=xy_learned seed=1
best=0.5127 block=gru task=vertical scan=anti_diag grid=8 signal=single_patch pos=xy_learned seed=2
best=0.5400 block=gru task=vertical scan=anti_diag grid=8 signal=single_pixel pos=none seed=0
best=0.5215 block=gru task=vertical scan=anti_diag grid=8 signal=single_pixel pos=none seed=1
best=0.5176 block=gru task=vertical scan=anti_diag grid=8 signal=single_pixel pos=none seed=2
best=0.5264 block=gru task=vertical scan=anti_diag grid=8 signal=single_pixel pos=xy_learned seed=0
best=0.5195 block=gru task=vertical scan=anti_diag grid=8 signal=single_pixel pos=xy_learned seed=1
best=0.5283 block=gru task=vertical scan=anti_diag grid=8 signal=single_pixel pos=xy_learned seed=2
best=0.5049 block=gru task=vertical scan=anti_diag grid=16 signal=single_patch pos=none seed=0
best=0.4980 block=gru task=vertical scan=anti_diag grid=16 signal=single_patch pos=none seed=1
best=0.5234 block=gru task=vertical scan=anti_diag grid=16 signal=single_patch pos=none seed=2
best=0.5039 block=gru task=vertical scan=anti_diag grid=16 signal=single_patch pos=xy_learned seed=0
best=0.5127 block=gru task=vertical scan=anti_diag grid=16 signal=single_patch pos=xy_learned seed=1
best=0.5234 block=gru task=vertical scan=anti_diag grid=16 signal=single_patch pos=xy_learned seed=2
best=0.5137 block=gru task=vertical scan=anti_diag grid=16 signal=single_pixel pos=none seed=0
best=0.5303 block=gru task=vertical scan=anti_diag grid=16 signal=single_pixel pos=none seed=1
best=0.5156 block=gru task=vertical scan=anti_diag grid=16 signal=single_pixel pos=none seed=2
best=0.5205 block=gru task=vertical scan=anti_diag grid=16 signal=single_pixel pos=xy_learned seed=0
best=0.5156 block=gru task=vertical scan=anti_diag grid=16 signal=single_pixel pos=xy_learned seed=1
best=0.5078 block=gru task=vertical scan=anti_diag grid=16 signal=single_pixel pos=xy_learned seed=2
best=0.4990 block=gru task=vertical scan=anti_diag grid=24 signal=single_patch pos=none seed=0
best=0.5166 block=gru task=vertical scan=anti_diag grid=24 signal=single_patch pos=none seed=1
best=0.5078 block=gru task=vertical scan=anti_diag grid=24 signal=single_patch pos=none seed=2
best=0.5303 block=gru task=vertical scan=anti_diag grid=24 signal=single_patch pos=xy_learned seed=0
best=0.5068 block=gru task=vertical scan=anti_diag grid=24 signal=single_patch pos=xy_learned seed=1
best=0.5049 block=gru task=vertical scan=anti_diag grid=24 signal=single_patch pos=xy_learned seed=2
best=0.5020 block=gru task=vertical scan=anti_diag grid=24 signal=single_pixel pos=none seed=0
best=0.5117 block=gru task=vertical scan=anti_diag grid=24 signal=single_pixel pos=none seed=1
best=0.5078 block=gru task=vertical scan=anti_diag grid=24 signal=single_pixel pos=none seed=2
best=0.5088 block=gru task=vertical scan=anti_diag grid=24 signal=single_pixel pos=xy_learned seed=0
best=0.5244 block=gru task=vertical scan=anti_diag grid=24 signal=single_pixel pos=xy_learned seed=1
best=0.5107 block=gru task=vertical scan=anti_diag grid=24 signal=single_pixel pos=xy_learned seed=2
best=0.5244 block=gru task=vertical scan=anti_diag grid=32 signal=single_patch pos=none seed=0
best=0.5098 block=gru task=vertical scan=anti_diag grid=32 signal=single_patch pos=none seed=1
best=0.5039 block=gru task=vertical scan=anti_diag grid=32 signal=single_patch pos=none seed=2
best=0.5098 block=gru task=vertical scan=anti_diag grid=32 signal=single_patch pos=xy_learned seed=0
best=0.5254 block=gru task=vertical scan=anti_diag grid=32 signal=single_patch pos=xy_learned seed=1
best=0.5186 block=gru task=vertical scan=anti_diag grid=32 signal=single_patch pos=xy_learned seed=2
best=0.5078 block=gru task=vertical scan=anti_diag grid=32 signal=single_pixel pos=none seed=0
best=0.5117 block=gru task=vertical scan=anti_diag grid=32 signal=single_pixel pos=none seed=1
best=0.5078 block=gru task=vertical scan=anti_diag grid=32 signal=single_pixel pos=none seed=2
best=0.4941 block=gru task=vertical scan=anti_diag grid=32 signal=single_pixel pos=xy_learned seed=0
best=0.5176 block=gru task=vertical scan=anti_diag grid=32 signal=single_pixel pos=xy_learned seed=1
best=0.5020 block=gru task=vertical scan=anti_diag grid=32 signal=single_pixel pos=xy_learned seed=2
best=1.0000 block=gru task=horizontal scan=row grid=8 signal=single_patch pos=none seed=0
best=1.0000 block=gru task=horizontal scan=row grid=8 signal=single_patch pos=none seed=1
best=1.0000 block=gru task=horizontal scan=row grid=8 signal=single_patch pos=none seed=2
best=1.0000 block=gru task=horizontal scan=row grid=8 signal=single_patch pos=xy_learned seed=0
best=0.9990 block=gru task=horizontal scan=row grid=8 signal=single_patch pos=xy_learned seed=1
best=1.0000 block=gru task=horizontal scan=row grid=8 signal=single_patch pos=xy_learned seed=2
best=0.8018 block=gru task=horizontal scan=row grid=8 signal=single_pixel pos=none seed=0
best=0.7969 block=gru task=horizontal scan=row grid=8 signal=single_pixel pos=none seed=1
best=0.8145 block=gru task=horizontal scan=row grid=8 signal=single_pixel pos=none seed=2
best=0.9756 block=gru task=horizontal scan=row grid=8 signal=single_pixel pos=xy_learned seed=0
best=0.9658 block=gru task=horizontal scan=row grid=8 signal=single_pixel pos=xy_learned seed=1
best=0.9688 block=gru task=horizontal scan=row grid=8 signal=single_pixel pos=xy_learned seed=2
best=1.0000 block=gru task=horizontal scan=row grid=16 signal=single_patch pos=none seed=0
best=1.0000 block=gru task=horizontal scan=row grid=16 signal=single_patch pos=none seed=1
best=1.0000 block=gru task=horizontal scan=row grid=16 signal=single_patch pos=none seed=2
best=1.0000 block=gru task=horizontal scan=row grid=16 signal=single_patch pos=xy_learned seed=0
best=1.0000 block=gru task=horizontal scan=row grid=16 signal=single_patch pos=xy_learned seed=1
best=1.0000 block=gru task=horizontal scan=row grid=16 signal=single_patch pos=xy_learned seed=2
best=0.5244 block=gru task=horizontal scan=row grid=16 signal=single_pixel pos=none seed=0
best=0.4932 block=gru task=horizontal scan=row grid=16 signal=single_pixel pos=none seed=1
best=0.5020 block=gru task=horizontal scan=row grid=16 signal=single_pixel pos=none seed=2
best=0.5029 block=gru task=horizontal scan=row grid=16 signal=single_pixel pos=xy_learned seed=0
best=0.4707 block=gru task=horizontal scan=row grid=16 signal=single_pixel pos=xy_learned seed=1
best=0.7920 block=gru task=horizontal scan=row grid=16 signal=single_pixel pos=xy_learned seed=2
best=0.5166 block=gru task=horizontal scan=row grid=24 signal=single_patch pos=none seed=0
best=0.5039 block=gru task=horizontal scan=row grid=24 signal=single_patch pos=none seed=1
best=0.5068 block=gru task=horizontal scan=row grid=24 signal=single_patch pos=none seed=2
best=0.5273 block=gru task=horizontal scan=row grid=24 signal=single_patch pos=xy_learned seed=0
best=0.5098 block=gru task=horizontal scan=row grid=24 signal=single_patch pos=xy_learned seed=1
best=0.5117 block=gru task=horizontal scan=row grid=24 signal=single_patch pos=xy_learned seed=2
best=0.5078 block=gru task=horizontal scan=row grid=24 signal=single_pixel pos=none seed=0
best=0.4990 block=gru task=horizontal scan=row grid=24 signal=single_pixel pos=none seed=1
best=0.5010 block=gru task=horizontal scan=row grid=24 signal=single_pixel pos=none seed=2
best=0.5146 block=gru task=horizontal scan=row grid=24 signal=single_pixel pos=xy_learned seed=0
best=0.5117 block=gru task=horizontal scan=row grid=24 signal=single_pixel pos=xy_learned seed=1
best=0.5010 block=gru task=horizontal scan=row grid=24 signal=single_pixel pos=xy_learned seed=2
best=0.5098 block=gru task=horizontal scan=row grid=32 signal=single_patch pos=none seed=0
best=0.5068 block=gru task=horizontal scan=row grid=32 signal=single_patch pos=none seed=1
best=0.5137 block=gru task=horizontal scan=row grid=32 signal=single_patch pos=none seed=2
best=0.5127 block=gru task=horizontal scan=row grid=32 signal=single_patch pos=xy_learned seed=0
best=0.5225 block=gru task=horizontal scan=row grid=32 signal=single_patch pos=xy_learned seed=1
best=0.5186 block=gru task=horizontal scan=row grid=32 signal=single_patch pos=xy_learned seed=2
best=0.5225 block=gru task=horizontal scan=row grid=32 signal=single_pixel pos=none seed=0
best=0.4990 block=gru task=horizontal scan=row grid=32 signal=single_pixel pos=none seed=1
best=0.5098 block=gru task=horizontal scan=row grid=32 signal=single_pixel pos=none seed=2
best=0.5156 block=gru task=horizontal scan=row grid=32 signal=single_pixel pos=xy_learned seed=0
best=0.5107 block=gru task=horizontal scan=row grid=32 signal=single_pixel pos=xy_learned seed=1
best=0.5303 block=gru task=horizontal scan=row grid=32 signal=single_pixel pos=xy_learned seed=2
best=0.5400 block=gru task=horizontal scan=col grid=8 signal=single_patch pos=none seed=0
best=0.5322 block=gru task=horizontal scan=col grid=8 signal=single_patch pos=none seed=1
best=0.5049 block=gru task=horizontal scan=col grid=8 signal=single_patch pos=none seed=2
best=0.5225 block=gru task=horizontal scan=col grid=8 signal=single_patch pos=xy_learned seed=0
best=0.5156 block=gru task=horizontal scan=col grid=8 signal=single_patch pos=xy_learned seed=1
best=0.5088 block=gru task=horizontal scan=col grid=8 signal=single_patch pos=xy_learned seed=2
best=0.5430 block=gru task=horizontal scan=col grid=8 signal=single_pixel pos=none seed=0
best=0.5342 block=gru task=horizontal scan=col grid=8 signal=single_pixel pos=none seed=1
best=0.5137 block=gru task=horizontal scan=col grid=8 signal=single_pixel pos=none seed=2
best=0.5254 block=gru task=horizontal scan=col grid=8 signal=single_pixel pos=xy_learned seed=0
best=0.5205 block=gru task=horizontal scan=col grid=8 signal=single_pixel pos=xy_learned seed=1
best=0.5371 block=gru task=horizontal scan=col grid=8 signal=single_pixel pos=xy_learned seed=2
best=0.5234 block=gru task=horizontal scan=col grid=16 signal=single_patch pos=none seed=0
best=0.4854 block=gru task=horizontal scan=col grid=16 signal=single_patch pos=none seed=1
best=0.5166 block=gru task=horizontal scan=col grid=16 signal=single_patch pos=none seed=2
best=0.5000 block=gru task=horizontal scan=col grid=16 signal=single_patch pos=xy_learned seed=0
best=0.4902 block=gru task=horizontal scan=col grid=16 signal=single_patch pos=xy_learned seed=1
best=0.5205 block=gru task=horizontal scan=col grid=16 signal=single_patch pos=xy_learned seed=2
best=0.5146 block=gru task=horizontal scan=col grid=16 signal=single_pixel pos=none seed=0
best=0.4912 block=gru task=horizontal scan=col grid=16 signal=single_pixel pos=none seed=1
best=0.4863 block=gru task=horizontal scan=col grid=16 signal=single_pixel pos=none seed=2
best=0.4990 block=gru task=horizontal scan=col grid=16 signal=single_pixel pos=xy_learned seed=0
best=0.4775 block=gru task=horizontal scan=col grid=16 signal=single_pixel pos=xy_learned seed=1
best=0.5000 block=gru task=horizontal scan=col grid=16 signal=single_pixel pos=xy_learned seed=2
best=0.5244 block=gru task=horizontal scan=col grid=24 signal=single_patch pos=none seed=0
best=0.5068 block=gru task=horizontal scan=col grid=24 signal=single_patch pos=none seed=1
best=0.5176 block=gru task=horizontal scan=col grid=24 signal=single_patch pos=none seed=2
best=0.5215 block=gru task=horizontal scan=col grid=24 signal=single_patch pos=xy_learned seed=0
best=0.5088 block=gru task=horizontal scan=col grid=24 signal=single_patch pos=xy_learned seed=1
best=0.5283 block=gru task=horizontal scan=col grid=24 signal=single_patch pos=xy_learned seed=2
best=0.5088 block=gru task=horizontal scan=col grid=24 signal=single_pixel pos=none seed=0
best=0.4980 block=gru task=horizontal scan=col grid=24 signal=single_pixel pos=none seed=1
best=0.5059 block=gru task=horizontal scan=col grid=24 signal=single_pixel pos=none seed=2
best=0.5283 block=gru task=horizontal scan=col grid=24 signal=single_pixel pos=xy_learned seed=0
best=0.5029 block=gru task=horizontal scan=col grid=24 signal=single_pixel pos=xy_learned seed=1
best=0.5332 block=gru task=horizontal scan=col grid=24 signal=single_pixel pos=xy_learned seed=2
best=0.5078 block=gru task=horizontal scan=col grid=32 signal=single_patch pos=none seed=0
best=0.5068 block=gru task=horizontal scan=col grid=32 signal=single_patch pos=none seed=1
best=0.5059 block=gru task=horizontal scan=col grid=32 signal=single_patch pos=none seed=2
best=0.5273 block=gru task=horizontal scan=col grid=32 signal=single_patch pos=xy_learned seed=0
best=0.5156 block=gru task=horizontal scan=col grid=32 signal=single_patch pos=xy_learned seed=1
best=0.5020 block=gru task=horizontal scan=col grid=32 signal=single_patch pos=xy_learned seed=2
best=0.5215 block=gru task=horizontal scan=col grid=32 signal=single_pixel pos=none seed=0
best=0.5029 block=gru task=horizontal scan=col grid=32 signal=single_pixel pos=none seed=1
best=0.4922 block=gru task=horizontal scan=col grid=32 signal=single_pixel pos=none seed=2
best=0.5254 block=gru task=horizontal scan=col grid=32 signal=single_pixel pos=xy_learned seed=0
best=0.4932 block=gru task=horizontal scan=col grid=32 signal=single_pixel pos=xy_learned seed=1
best=0.5049 block=gru task=horizontal scan=col grid=32 signal=single_pixel pos=xy_learned seed=2
best=0.5283 block=gru task=horizontal scan=diag grid=8 signal=single_patch pos=none seed=0
best=0.5205 block=gru task=horizontal scan=diag grid=8 signal=single_patch pos=none seed=1
best=0.5068 block=gru task=horizontal scan=diag grid=8 signal=single_patch pos=none seed=2
best=0.5312 block=gru task=horizontal scan=diag grid=8 signal=single_patch pos=xy_learned seed=0
best=0.5176 block=gru task=horizontal scan=diag grid=8 signal=single_patch pos=xy_learned seed=1
best=0.5137 block=gru task=horizontal scan=diag grid=8 signal=single_patch pos=xy_learned seed=2
best=0.5371 block=gru task=horizontal scan=diag grid=8 signal=single_pixel pos=none seed=0
best=0.5195 block=gru task=horizontal scan=diag grid=8 signal=single_pixel pos=none seed=1
best=0.5205 block=gru task=horizontal scan=diag grid=8 signal=single_pixel pos=none seed=2
best=0.5234 block=gru task=horizontal scan=diag grid=8 signal=single_pixel pos=xy_learned seed=0
best=0.5322 block=gru task=horizontal scan=diag grid=8 signal=single_pixel pos=xy_learned seed=1
best=0.5391 block=gru task=horizontal scan=diag grid=8 signal=single_pixel pos=xy_learned seed=2
best=0.4971 block=gru task=horizontal scan=diag grid=16 signal=single_patch pos=none seed=0
best=0.5068 block=gru task=horizontal scan=diag grid=16 signal=single_patch pos=none seed=1
best=0.5361 block=gru task=horizontal scan=diag grid=16 signal=single_patch pos=none seed=2
best=0.4893 block=gru task=horizontal scan=diag grid=16 signal=single_patch pos=xy_learned seed=0
best=0.5088 block=gru task=horizontal scan=diag grid=16 signal=single_patch pos=xy_learned seed=1
best=0.5312 block=gru task=horizontal scan=diag grid=16 signal=single_patch pos=xy_learned seed=2
best=0.4980 block=gru task=horizontal scan=diag grid=16 signal=single_pixel pos=none seed=0
best=0.4932 block=gru task=horizontal scan=diag grid=16 signal=single_pixel pos=none seed=1
best=0.5283 block=gru task=horizontal scan=diag grid=16 signal=single_pixel pos=none seed=2
best=0.4922 block=gru task=horizontal scan=diag grid=16 signal=single_pixel pos=xy_learned seed=0
best=0.4932 block=gru task=horizontal scan=diag grid=16 signal=single_pixel pos=xy_learned seed=1
best=0.5176 block=gru task=horizontal scan=diag grid=16 signal=single_pixel pos=xy_learned seed=2
best=0.5244 block=gru task=horizontal scan=diag grid=24 signal=single_patch pos=none seed=0
best=0.5176 block=gru task=horizontal scan=diag grid=24 signal=single_patch pos=none seed=1
best=0.5244 block=gru task=horizontal scan=diag grid=24 signal=single_patch pos=none seed=2
best=0.5244 block=gru task=horizontal scan=diag grid=24 signal=single_patch pos=xy_learned seed=0
best=0.5088 block=gru task=horizontal scan=diag grid=24 signal=single_patch pos=xy_learned seed=1
best=0.5156 block=gru task=horizontal scan=diag grid=24 signal=single_patch pos=xy_learned seed=2
best=0.5146 block=gru task=horizontal scan=diag grid=24 signal=single_pixel pos=none seed=0
best=0.5010 block=gru task=horizontal scan=diag grid=24 signal=single_pixel pos=none seed=1
best=0.5166 block=gru task=horizontal scan=diag grid=24 signal=single_pixel pos=none seed=2
best=0.5342 block=gru task=horizontal scan=diag grid=24 signal=single_pixel pos=xy_learned seed=0
best=0.5020 block=gru task=horizontal scan=diag grid=24 signal=single_pixel pos=xy_learned seed=1
best=0.5137 block=gru task=horizontal scan=diag grid=24 signal=single_pixel pos=xy_learned seed=2
best=0.5156 block=gru task=horizontal scan=diag grid=32 signal=single_patch pos=none seed=0
best=0.5186 block=gru task=horizontal scan=diag grid=32 signal=single_patch pos=none seed=1
best=0.5215 block=gru task=horizontal scan=diag grid=32 signal=single_patch pos=none seed=2
best=0.5107 block=gru task=horizontal scan=diag grid=32 signal=single_patch pos=xy_learned seed=0
best=0.5244 block=gru task=horizontal scan=diag grid=32 signal=single_patch pos=xy_learned seed=1
best=0.5146 block=gru task=horizontal scan=diag grid=32 signal=single_patch pos=xy_learned seed=2
best=0.5352 block=gru task=horizontal scan=diag grid=32 signal=single_pixel pos=none seed=0
best=0.5098 block=gru task=horizontal scan=diag grid=32 signal=single_pixel pos=none seed=1
best=0.5029 block=gru task=horizontal scan=diag grid=32 signal=single_pixel pos=none seed=2
best=0.5273 block=gru task=horizontal scan=diag grid=32 signal=single_pixel pos=xy_learned seed=0
best=0.5049 block=gru task=horizontal scan=diag grid=32 signal=single_pixel pos=xy_learned seed=1
best=0.5000 block=gru task=horizontal scan=diag grid=32 signal=single_pixel pos=xy_learned seed=2
best=0.5244 block=gru task=horizontal scan=anti_diag grid=8 signal=single_patch pos=none seed=0
best=0.5205 block=gru task=horizontal scan=anti_diag grid=8 signal=single_patch pos=none seed=1
best=0.5020 block=gru task=horizontal scan=anti_diag grid=8 signal=single_patch pos=none seed=2
best=0.5332 block=gru task=horizontal scan=anti_diag grid=8 signal=single_patch pos=xy_learned seed=0
best=0.5010 block=gru task=horizontal scan=anti_diag grid=8 signal=single_patch pos=xy_learned seed=1
best=0.5020 block=gru task=horizontal scan=anti_diag grid=8 signal=single_patch pos=xy_learned seed=2
best=0.5127 block=gru task=horizontal scan=anti_diag grid=8 signal=single_pixel pos=none seed=0
best=0.5322 block=gru task=horizontal scan=anti_diag grid=8 signal=single_pixel pos=none seed=1
best=0.5234 block=gru task=horizontal scan=anti_diag grid=8 signal=single_pixel pos=none seed=2
best=0.5322 block=gru task=horizontal scan=anti_diag grid=8 signal=single_pixel pos=xy_learned seed=0
best=0.5264 block=gru task=horizontal scan=anti_diag grid=8 signal=single_pixel pos=xy_learned seed=1
best=0.5156 block=gru task=horizontal scan=anti_diag grid=8 signal=single_pixel pos=xy_learned seed=2
best=0.4961 block=gru task=horizontal scan=anti_diag grid=16 signal=single_patch pos=none seed=0
best=0.4873 block=gru task=horizontal scan=anti_diag grid=16 signal=single_patch pos=none seed=1
best=0.5156 block=gru task=horizontal scan=anti_diag grid=16 signal=single_patch pos=none seed=2
best=0.5010 block=gru task=horizontal scan=anti_diag grid=16 signal=single_patch pos=xy_learned seed=0
best=0.5107 block=gru task=horizontal scan=anti_diag grid=16 signal=single_patch pos=xy_learned seed=1
best=0.5059 block=gru task=horizontal scan=anti_diag grid=16 signal=single_patch pos=xy_learned seed=2
best=0.4941 block=gru task=horizontal scan=anti_diag grid=16 signal=single_pixel pos=none seed=0
best=0.4834 block=gru task=horizontal scan=anti_diag grid=16 signal=single_pixel pos=none seed=1
best=0.5205 block=gru task=horizontal scan=anti_diag grid=16 signal=single_pixel pos=none seed=2
best=0.5020 block=gru task=horizontal scan=anti_diag grid=16 signal=single_pixel pos=xy_learned seed=0
best=0.4941 block=gru task=horizontal scan=anti_diag grid=16 signal=single_pixel pos=xy_learned seed=1
best=0.4902 block=gru task=horizontal scan=anti_diag grid=16 signal=single_pixel pos=xy_learned seed=2
best=0.5127 block=gru task=horizontal scan=anti_diag grid=24 signal=single_patch pos=none seed=0
best=0.5352 block=gru task=horizontal scan=anti_diag grid=24 signal=single_patch pos=none seed=1
best=0.5068 block=gru task=horizontal scan=anti_diag grid=24 signal=single_patch pos=none seed=2
best=0.5127 block=gru task=horizontal scan=anti_diag grid=24 signal=single_patch pos=xy_learned seed=0
best=0.5391 block=gru task=horizontal scan=anti_diag grid=24 signal=single_patch pos=xy_learned seed=1
best=0.5059 block=gru task=horizontal scan=anti_diag grid=24 signal=single_patch pos=xy_learned seed=2
best=0.5049 block=gru task=horizontal scan=anti_diag grid=24 signal=single_pixel pos=none seed=0
best=0.5176 block=gru task=horizontal scan=anti_diag grid=24 signal=single_pixel pos=none seed=1
best=0.5088 block=gru task=horizontal scan=anti_diag grid=24 signal=single_pixel pos=none seed=2
best=0.5176 block=gru task=horizontal scan=anti_diag grid=24 signal=single_pixel pos=xy_learned seed=0
best=0.5156 block=gru task=horizontal scan=anti_diag grid=24 signal=single_pixel pos=xy_learned seed=1
best=0.5029 block=gru task=horizontal scan=anti_diag grid=24 signal=single_pixel pos=xy_learned seed=2
best=0.5127 block=gru task=horizontal scan=anti_diag grid=32 signal=single_patch pos=none seed=0
best=0.5020 block=gru task=horizontal scan=anti_diag grid=32 signal=single_patch pos=none seed=1
best=0.5293 block=gru task=horizontal scan=anti_diag grid=32 signal=single_patch pos=none seed=2
best=0.5049 block=gru task=horizontal scan=anti_diag grid=32 signal=single_patch pos=xy_learned seed=0
best=0.5146 block=gru task=horizontal scan=anti_diag grid=32 signal=single_patch pos=xy_learned seed=1
best=0.5176 block=gru task=horizontal scan=anti_diag grid=32 signal=single_patch pos=xy_learned seed=2
best=0.5410 block=gru task=horizontal scan=anti_diag grid=32 signal=single_pixel pos=none seed=0
best=0.4912 block=gru task=horizontal scan=anti_diag grid=32 signal=single_pixel pos=none seed=1
best=0.5273 block=gru task=horizontal scan=anti_diag grid=32 signal=single_pixel pos=none seed=2
best=0.5146 block=gru task=horizontal scan=anti_diag grid=32 signal=single_pixel pos=xy_learned seed=0
best=0.4893 block=gru task=horizontal scan=anti_diag grid=32 signal=single_pixel pos=xy_learned seed=1
best=0.5283 block=gru task=horizontal scan=anti_diag grid=32 signal=single_pixel pos=xy_learned seed=2
best=1.0000 block=gru task=diagonal scan=row grid=8 signal=single_patch pos=none seed=0
best=1.0000 block=gru task=diagonal scan=row grid=8 signal=single_patch pos=none seed=1
best=1.0000 block=gru task=diagonal scan=row grid=8 signal=single_patch pos=none seed=2
best=1.0000 block=gru task=diagonal scan=row grid=8 signal=single_patch pos=xy_learned seed=0
best=1.0000 block=gru task=diagonal scan=row grid=8 signal=single_patch pos=xy_learned seed=1
best=1.0000 block=gru task=diagonal scan=row grid=8 signal=single_patch pos=xy_learned seed=2
best=0.5273 block=gru task=diagonal scan=row grid=8 signal=single_pixel pos=none seed=0
best=0.5098 block=gru task=diagonal scan=row grid=8 signal=single_pixel pos=none seed=1
best=0.5264 block=gru task=diagonal scan=row grid=8 signal=single_pixel pos=none seed=2
best=0.5312 block=gru task=diagonal scan=row grid=8 signal=single_pixel pos=xy_learned seed=0
best=0.5264 block=gru task=diagonal scan=row grid=8 signal=single_pixel pos=xy_learned seed=1
best=0.5273 block=gru task=diagonal scan=row grid=8 signal=single_pixel pos=xy_learned seed=2
best=0.5010 block=gru task=diagonal scan=row grid=16 signal=single_patch pos=none seed=0
best=0.5127 block=gru task=diagonal scan=row grid=16 signal=single_patch pos=none seed=1
best=0.5234 block=gru task=diagonal scan=row grid=16 signal=single_patch pos=none seed=2
best=0.4971 block=gru task=diagonal scan=row grid=16 signal=single_patch pos=xy_learned seed=0
best=0.5166 block=gru task=diagonal scan=row grid=16 signal=single_patch pos=xy_learned seed=1
best=0.5410 block=gru task=diagonal scan=row grid=16 signal=single_patch pos=xy_learned seed=2
best=0.4971 block=gru task=diagonal scan=row grid=16 signal=single_pixel pos=none seed=0
best=0.5068 block=gru task=diagonal scan=row grid=16 signal=single_pixel pos=none seed=1
best=0.5244 block=gru task=diagonal scan=row grid=16 signal=single_pixel pos=none seed=2
best=0.4990 block=gru task=diagonal scan=row grid=16 signal=single_pixel pos=xy_learned seed=0
best=0.5146 block=gru task=diagonal scan=row grid=16 signal=single_pixel pos=xy_learned seed=1
best=0.5225 block=gru task=diagonal scan=row grid=16 signal=single_pixel pos=xy_learned seed=2
best=0.4932 block=gru task=diagonal scan=row grid=24 signal=single_patch pos=none seed=0
best=0.5049 block=gru task=diagonal scan=row grid=24 signal=single_patch pos=none seed=1
best=0.5176 block=gru task=diagonal scan=row grid=24 signal=single_patch pos=none seed=2
best=0.5010 block=gru task=diagonal scan=row grid=24 signal=single_patch pos=xy_learned seed=0
best=0.5215 block=gru task=diagonal scan=row grid=24 signal=single_patch pos=xy_learned seed=1
best=0.5166 block=gru task=diagonal scan=row grid=24 signal=single_patch pos=xy_learned seed=2
best=0.4854 block=gru task=diagonal scan=row grid=24 signal=single_pixel pos=none seed=0
best=0.4990 block=gru task=diagonal scan=row grid=24 signal=single_pixel pos=none seed=1
best=0.5039 block=gru task=diagonal scan=row grid=24 signal=single_pixel pos=none seed=2
best=0.4697 block=gru task=diagonal scan=row grid=24 signal=single_pixel pos=xy_learned seed=0
best=0.5137 block=gru task=diagonal scan=row grid=24 signal=single_pixel pos=xy_learned seed=1
best=0.5127 block=gru task=diagonal scan=row grid=24 signal=single_pixel pos=xy_learned seed=2
best=0.5059 block=gru task=diagonal scan=row grid=32 signal=single_patch pos=none seed=0
best=0.5283 block=gru task=diagonal scan=row grid=32 signal=single_patch pos=none seed=1
best=0.4941 block=gru task=diagonal scan=row grid=32 signal=single_patch pos=none seed=2
best=0.5039 block=gru task=diagonal scan=row grid=32 signal=single_patch pos=xy_learned seed=0
best=0.5215 block=gru task=diagonal scan=row grid=32 signal=single_patch pos=xy_learned seed=1
best=0.4863 block=gru task=diagonal scan=row grid=32 signal=single_patch pos=xy_learned seed=2
best=0.4951 block=gru task=diagonal scan=row grid=32 signal=single_pixel pos=none seed=0
best=0.5225 block=gru task=diagonal scan=row grid=32 signal=single_pixel pos=none seed=1
best=0.5166 block=gru task=diagonal scan=row grid=32 signal=single_pixel pos=none seed=2
best=0.4961 block=gru task=diagonal scan=row grid=32 signal=single_pixel pos=xy_learned seed=0
best=0.5186 block=gru task=diagonal scan=row grid=32 signal=single_pixel pos=xy_learned seed=1
best=0.5078 block=gru task=diagonal scan=row grid=32 signal=single_pixel pos=xy_learned seed=2
best=1.0000 block=gru task=diagonal scan=col grid=8 signal=single_patch pos=none seed=0
best=1.0000 block=gru task=diagonal scan=col grid=8 signal=single_patch pos=none seed=1
best=1.0000 block=gru task=diagonal scan=col grid=8 signal=single_patch pos=none seed=2
best=1.0000 block=gru task=diagonal scan=col grid=8 signal=single_patch pos=xy_learned seed=0
best=1.0000 block=gru task=diagonal scan=col grid=8 signal=single_patch pos=xy_learned seed=1
best=1.0000 block=gru task=diagonal scan=col grid=8 signal=single_patch pos=xy_learned seed=2
best=0.5332 block=gru task=diagonal scan=col grid=8 signal=single_pixel pos=none seed=0
best=0.5205 block=gru task=diagonal scan=col grid=8 signal=single_pixel pos=none seed=1
best=0.5244 block=gru task=diagonal scan=col grid=8 signal=single_pixel pos=none seed=2
best=0.5352 block=gru task=diagonal scan=col grid=8 signal=single_pixel pos=xy_learned seed=0
best=0.5244 block=gru task=diagonal scan=col grid=8 signal=single_pixel pos=xy_learned seed=1
best=0.5312 block=gru task=diagonal scan=col grid=8 signal=single_pixel pos=xy_learned seed=2
best=0.5117 block=gru task=diagonal scan=col grid=16 signal=single_patch pos=none seed=0
best=0.5225 block=gru task=diagonal scan=col grid=16 signal=single_patch pos=none seed=1
best=0.4990 block=gru task=diagonal scan=col grid=16 signal=single_patch pos=none seed=2
best=0.5088 block=gru task=diagonal scan=col grid=16 signal=single_patch pos=xy_learned seed=0
best=0.5186 block=gru task=diagonal scan=col grid=16 signal=single_patch pos=xy_learned seed=1
best=0.5293 block=gru task=diagonal scan=col grid=16 signal=single_patch pos=xy_learned seed=2
best=0.5156 block=gru task=diagonal scan=col grid=16 signal=single_pixel pos=none seed=0
best=0.5127 block=gru task=diagonal scan=col grid=16 signal=single_pixel pos=none seed=1
best=0.4980 block=gru task=diagonal scan=col grid=16 signal=single_pixel pos=none seed=2
best=0.5166 block=gru task=diagonal scan=col grid=16 signal=single_pixel pos=xy_learned seed=0
best=0.5156 block=gru task=diagonal scan=col grid=16 signal=single_pixel pos=xy_learned seed=1
best=0.5361 block=gru task=diagonal scan=col grid=16 signal=single_pixel pos=xy_learned seed=2
best=0.5098 block=gru task=diagonal scan=col grid=24 signal=single_patch pos=none seed=0
best=0.5049 block=gru task=diagonal scan=col grid=24 signal=single_patch pos=none seed=1
best=0.5049 block=gru task=diagonal scan=col grid=24 signal=single_patch pos=none seed=2
best=0.5195 block=gru task=diagonal scan=col grid=24 signal=single_patch pos=xy_learned seed=0
best=0.5049 block=gru task=diagonal scan=col grid=24 signal=single_patch pos=xy_learned seed=1
best=0.5078 block=gru task=diagonal scan=col grid=24 signal=single_patch pos=xy_learned seed=2
best=0.5010 block=gru task=diagonal scan=col grid=24 signal=single_pixel pos=none seed=0
best=0.4980 block=gru task=diagonal scan=col grid=24 signal=single_pixel pos=none seed=1
best=0.5010 block=gru task=diagonal scan=col grid=24 signal=single_pixel pos=none seed=2
best=0.5117 block=gru task=diagonal scan=col grid=24 signal=single_pixel pos=xy_learned seed=0
best=0.5107 block=gru task=diagonal scan=col grid=24 signal=single_pixel pos=xy_learned seed=1
best=0.5127 block=gru task=diagonal scan=col grid=24 signal=single_pixel pos=xy_learned seed=2
best=0.5049 block=gru task=diagonal scan=col grid=32 signal=single_patch pos=none seed=0
best=0.5225 block=gru task=diagonal scan=col grid=32 signal=single_patch pos=none seed=1
best=0.4961 block=gru task=diagonal scan=col grid=32 signal=single_patch pos=none seed=2
best=0.5010 block=gru task=diagonal scan=col grid=32 signal=single_patch pos=xy_learned seed=0
best=0.5244 block=gru task=diagonal scan=col grid=32 signal=single_patch pos=xy_learned seed=1
best=0.5020 block=gru task=diagonal scan=col grid=32 signal=single_patch pos=xy_learned seed=2
best=0.4932 block=gru task=diagonal scan=col grid=32 signal=single_pixel pos=none seed=0
best=0.5254 block=gru task=diagonal scan=col grid=32 signal=single_pixel pos=none seed=1
best=0.5029 block=gru task=diagonal scan=col grid=32 signal=single_pixel pos=none seed=2
best=0.5059 block=gru task=diagonal scan=col grid=32 signal=single_pixel pos=xy_learned seed=0
best=0.5293 block=gru task=diagonal scan=col grid=32 signal=single_pixel pos=xy_learned seed=1
best=0.5098 block=gru task=diagonal scan=col grid=32 signal=single_pixel pos=xy_learned seed=2
best=0.6182 block=gru task=diagonal scan=diag grid=8 signal=single_patch pos=none seed=0
best=0.5186 block=gru task=diagonal scan=diag grid=8 signal=single_patch pos=none seed=1
best=0.4951 block=gru task=diagonal scan=diag grid=8 signal=single_patch pos=none seed=2
best=0.5215 block=gru task=diagonal scan=diag grid=8 signal=single_patch pos=xy_learned seed=0
best=0.4873 block=gru task=diagonal scan=diag grid=8 signal=single_patch pos=xy_learned seed=1
best=0.5176 block=gru task=diagonal scan=diag grid=8 signal=single_patch pos=xy_learned seed=2
best=0.5156 block=gru task=diagonal scan=diag grid=8 signal=single_pixel pos=none seed=0
best=0.5137 block=gru task=diagonal scan=diag grid=8 signal=single_pixel pos=none seed=1
best=0.4990 block=gru task=diagonal scan=diag grid=8 signal=single_pixel pos=none seed=2
best=0.5342 block=gru task=diagonal scan=diag grid=8 signal=single_pixel pos=xy_learned seed=0
best=0.5234 block=gru task=diagonal scan=diag grid=8 signal=single_pixel pos=xy_learned seed=1
best=0.5039 block=gru task=diagonal scan=diag grid=8 signal=single_pixel pos=xy_learned seed=2
best=0.5244 block=gru task=diagonal scan=diag grid=16 signal=single_patch pos=none seed=0
best=0.5059 block=gru task=diagonal scan=diag grid=16 signal=single_patch pos=none seed=1
best=0.5088 block=gru task=diagonal scan=diag grid=16 signal=single_patch pos=none seed=2
best=0.5254 block=gru task=diagonal scan=diag grid=16 signal=single_patch pos=xy_learned seed=0
best=0.5186 block=gru task=diagonal scan=diag grid=16 signal=single_patch pos=xy_learned seed=1
best=0.5479 block=gru task=diagonal scan=diag grid=16 signal=single_patch pos=xy_learned seed=2
best=0.5186 block=gru task=diagonal scan=diag grid=16 signal=single_pixel pos=none seed=0
best=0.5000 block=gru task=diagonal scan=diag grid=16 signal=single_pixel pos=none seed=1
best=0.5117 block=gru task=diagonal scan=diag grid=16 signal=single_pixel pos=none seed=2
best=0.5293 block=gru task=diagonal scan=diag grid=16 signal=single_pixel pos=xy_learned seed=0
best=0.5059 block=gru task=diagonal scan=diag grid=16 signal=single_pixel pos=xy_learned seed=1
best=0.5381 block=gru task=diagonal scan=diag grid=16 signal=single_pixel pos=xy_learned seed=2
best=0.5078 block=gru task=diagonal scan=diag grid=24 signal=single_patch pos=none seed=0
best=0.5127 block=gru task=diagonal scan=diag grid=24 signal=single_patch pos=none seed=1
best=0.5068 block=gru task=diagonal scan=diag grid=24 signal=single_patch pos=none seed=2
best=0.5020 block=gru task=diagonal scan=diag grid=24 signal=single_patch pos=xy_learned seed=0
best=0.5234 block=gru task=diagonal scan=diag grid=24 signal=single_patch pos=xy_learned seed=1
best=0.5059 block=gru task=diagonal scan=diag grid=24 signal=single_patch pos=xy_learned seed=2
best=0.5078 block=gru task=diagonal scan=diag grid=24 signal=single_pixel pos=none seed=0
best=0.5195 block=gru task=diagonal scan=diag grid=24 signal=single_pixel pos=none seed=1
best=0.5117 block=gru task=diagonal scan=diag grid=24 signal=single_pixel pos=none seed=2
best=0.4961 block=gru task=diagonal scan=diag grid=24 signal=single_pixel pos=xy_learned seed=0
best=0.5234 block=gru task=diagonal scan=diag grid=24 signal=single_pixel pos=xy_learned seed=1
best=0.5098 block=gru task=diagonal scan=diag grid=24 signal=single_pixel pos=xy_learned seed=2
best=0.4717 block=gru task=diagonal scan=diag grid=32 signal=single_patch pos=none seed=0
best=0.5322 block=gru task=diagonal scan=diag grid=32 signal=single_patch pos=none seed=1
best=0.5020 block=gru task=diagonal scan=diag grid=32 signal=single_patch pos=none seed=2
best=0.5059 block=gru task=diagonal scan=diag grid=32 signal=single_patch pos=xy_learned seed=0
best=0.5312 block=gru task=diagonal scan=diag grid=32 signal=single_patch pos=xy_learned seed=1
best=0.4902 block=gru task=diagonal scan=diag grid=32 signal=single_patch pos=xy_learned seed=2
best=0.4795 block=gru task=diagonal scan=diag grid=32 signal=single_pixel pos=none seed=0
best=0.5352 block=gru task=diagonal scan=diag grid=32 signal=single_pixel pos=none seed=1
best=0.5137 block=gru task=diagonal scan=diag grid=32 signal=single_pixel pos=none seed=2
best=0.4951 block=gru task=diagonal scan=diag grid=32 signal=single_pixel pos=xy_learned seed=0
best=0.5146 block=gru task=diagonal scan=diag grid=32 signal=single_pixel pos=xy_learned seed=1
best=0.4941 block=gru task=diagonal scan=diag grid=32 signal=single_pixel pos=xy_learned seed=2
best=1.0000 block=gru task=diagonal scan=anti_diag grid=8 signal=single_patch pos=none seed=0
best=1.0000 block=gru task=diagonal scan=anti_diag grid=8 signal=single_patch pos=none seed=1
best=1.0000 block=gru task=diagonal scan=anti_diag grid=8 signal=single_patch pos=none seed=2
best=1.0000 block=gru task=diagonal scan=anti_diag grid=8 signal=single_patch pos=xy_learned seed=0
best=1.0000 block=gru task=diagonal scan=anti_diag grid=8 signal=single_patch pos=xy_learned seed=1
best=1.0000 block=gru task=diagonal scan=anti_diag grid=8 signal=single_patch pos=xy_learned seed=2
best=0.7812 block=gru task=diagonal scan=anti_diag grid=8 signal=single_pixel pos=none seed=0
best=0.7910 block=gru task=diagonal scan=anti_diag grid=8 signal=single_pixel pos=none seed=1
best=0.7969 block=gru task=diagonal scan=anti_diag grid=8 signal=single_pixel pos=none seed=2
best=0.9541 block=gru task=diagonal scan=anti_diag grid=8 signal=single_pixel pos=xy_learned seed=0
best=0.9512 block=gru task=diagonal scan=anti_diag grid=8 signal=single_pixel pos=xy_learned seed=1
best=0.9326 block=gru task=diagonal scan=anti_diag grid=8 signal=single_pixel pos=xy_learned seed=2
best=1.0000 block=gru task=diagonal scan=anti_diag grid=16 signal=single_patch pos=none seed=0
best=1.0000 block=gru task=diagonal scan=anti_diag grid=16 signal=single_patch pos=none seed=1
best=1.0000 block=gru task=diagonal scan=anti_diag grid=16 signal=single_patch pos=none seed=2
best=1.0000 block=gru task=diagonal scan=anti_diag grid=16 signal=single_patch pos=xy_learned seed=0
best=1.0000 block=gru task=diagonal scan=anti_diag grid=16 signal=single_patch pos=xy_learned seed=1
best=1.0000 block=gru task=diagonal scan=anti_diag grid=16 signal=single_patch pos=xy_learned seed=2
best=0.6484 block=gru task=diagonal scan=anti_diag grid=16 signal=single_pixel pos=none seed=0
best=0.6758 block=gru task=diagonal scan=anti_diag grid=16 signal=single_pixel pos=none seed=1
best=0.6455 block=gru task=diagonal scan=anti_diag grid=16 signal=single_pixel pos=none seed=2
best=0.9424 block=gru task=diagonal scan=anti_diag grid=16 signal=single_pixel pos=xy_learned seed=0
best=0.9229 block=gru task=diagonal scan=anti_diag grid=16 signal=single_pixel pos=xy_learned seed=1
best=0.9160 block=gru task=diagonal scan=anti_diag grid=16 signal=single_pixel pos=xy_learned seed=2
best=0.9990 block=gru task=diagonal scan=anti_diag grid=24 signal=single_patch pos=none seed=0
best=1.0000 block=gru task=diagonal scan=anti_diag grid=24 signal=single_patch pos=none seed=1
best=1.0000 block=gru task=diagonal scan=anti_diag grid=24 signal=single_patch pos=none seed=2
best=1.0000 block=gru task=diagonal scan=anti_diag grid=24 signal=single_patch pos=xy_learned seed=0
best=1.0000 block=gru task=diagonal scan=anti_diag grid=24 signal=single_patch pos=xy_learned seed=1
best=1.0000 block=gru task=diagonal scan=anti_diag grid=24 signal=single_patch pos=xy_learned seed=2
best=0.5742 block=gru task=diagonal scan=anti_diag grid=24 signal=single_pixel pos=none seed=0
best=0.5498 block=gru task=diagonal scan=anti_diag grid=24 signal=single_pixel pos=none seed=1
best=0.5781 block=gru task=diagonal scan=anti_diag grid=24 signal=single_pixel pos=none seed=2
best=0.6455 block=gru task=diagonal scan=anti_diag grid=24 signal=single_pixel pos=xy_learned seed=0
best=0.6182 block=gru task=diagonal scan=anti_diag grid=24 signal=single_pixel pos=xy_learned seed=1
best=0.6182 block=gru task=diagonal scan=anti_diag grid=24 signal=single_pixel pos=xy_learned seed=2
best=1.0000 block=gru task=diagonal scan=anti_diag grid=32 signal=single_patch pos=none seed=0
best=1.0000 block=gru task=diagonal scan=anti_diag grid=32 signal=single_patch pos=none seed=1
best=1.0000 block=gru task=diagonal scan=anti_diag grid=32 signal=single_patch pos=none seed=2
best=1.0000 block=gru task=diagonal scan=anti_diag grid=32 signal=single_patch pos=xy_learned seed=0
best=1.0000 block=gru task=diagonal scan=anti_diag grid=32 signal=single_patch pos=xy_learned seed=1
best=1.0000 block=gru task=diagonal scan=anti_diag grid=32 signal=single_patch pos=xy_learned seed=2
best=0.5176 block=gru task=diagonal scan=anti_diag grid=32 signal=single_pixel pos=none seed=0
best=0.5576 block=gru task=diagonal scan=anti_diag grid=32 signal=single_pixel pos=none seed=1
best=0.5361 block=gru task=diagonal scan=anti_diag grid=32 signal=single_pixel pos=none seed=2
best=0.5195 block=gru task=diagonal scan=anti_diag grid=32 signal=single_pixel pos=xy_learned seed=0
best=0.5684 block=gru task=diagonal scan=anti_diag grid=32 signal=single_pixel pos=xy_learned seed=1
best=0.5508 block=gru task=diagonal scan=anti_diag grid=32 signal=single_pixel pos=xy_learned seed=2
saved results: mamba_scan_study/outputs/stage1_gap_sweep/gru_full/results.csv
saved summary: mamba_scan_study/outputs/stage1_gap_sweep/gru_full/summary.csv
saved json   : mamba_scan_study/outputs/stage1_gap_sweep/gru_full/results.json
